<?xml version="1.0" encoding="UTF-8"?>
<coverage generated="1776636387615" clover="3.2.0">
  <project timestamp="1776636387615" name="All files">
    <metrics statements="180" coveredstatements="175" conditionals="202" coveredconditionals="167" methods="6" coveredmethods="6" elements="388" coveredelements="348" complexity="0" loc="180" ncloc="180" packages="1" files="2" classes="2"/>
    <file name="entry.engine.js" path="/home/runner/work/Market-Pulse/Market-Pulse/backend/src/engines/entry.engine.js">
      <metrics statements="113" coveredstatements="113" conditionals="125" coveredconditionals="102" methods="5" coveredmethods="5"/>
      <line num="1" count="6" type="stmt"/>
      <line num="2" count="6" type="stmt"/>
      <line num="3" count="6" type="stmt"/>
      <line num="7" count="6" type="stmt"/>
      <line num="8" count="6" type="stmt"/>
      <line num="10" count="6" type="stmt"/>
      <line num="11" count="3" type="cond" truecount="2" falsecount="0"/>
      <line num="12" count="2" type="cond" truecount="1" falsecount="1"/>
      <line num="13" count="2" type="cond" truecount="2" falsecount="0"/>
      <line num="14" count="1" type="stmt"/>
      <line num="17" count="58" type="stmt"/>
      <line num="19" count="6" type="stmt"/>
      <line num="20" count="23" type="cond" truecount="2" falsecount="0"/>
      <line num="21" count="23" type="cond" truecount="2" falsecount="0"/>
      <line num="24" count="6" type="cond" truecount="0" falsecount="1"/>
      <line num="25" count="24" type="cond" truecount="4" falsecount="0"/>
      <line num="26" count="1" type="stmt"/>
      <line num="29" count="23" type="stmt"/>
      <line num="30" count="23" type="cond" truecount="1" falsecount="1"/>
      <line num="31" count="23" type="cond" truecount="1" falsecount="1"/>
      <line num="32" count="23" type="cond" truecount="1" falsecount="1"/>
      <line num="33" count="23" type="cond" truecount="1" falsecount="1"/>
      <line num="34" count="23" type="cond" truecount="1" falsecount="1"/>
      <line num="35" count="23" type="stmt"/>
      <line num="37" count="23" type="cond" truecount="1" falsecount="1"/>
      <line num="38" count="23" type="stmt"/>
      <line num="39" count="23" type="stmt"/>
      <line num="40" count="23" type="cond" truecount="2" falsecount="0"/>
      <line num="44" count="23" type="stmt"/>
      <line num="45" count="23" type="stmt"/>
      <line num="46" count="23" type="stmt"/>
      <line num="48" count="23" type="cond" truecount="2" falsecount="0"/>
      <line num="49" count="1" type="stmt"/>
      <line num="63" count="22" type="cond" truecount="2" falsecount="0"/>
      <line num="64" count="19" type="stmt"/>
      <line num="71" count="19" type="cond" truecount="2" falsecount="0"/>
      <line num="72" count="2" type="stmt"/>
      <line num="84" count="17" type="cond" truecount="1" falsecount="1"/>
      <line num="87" count="20" type="stmt"/>
      <line num="89" count="20" type="cond" truecount="5" falsecount="0"/>
      <line num="93" count="39" type="stmt"/>
      <line num="99" count="20" type="cond" truecount="2" falsecount="0"/>
      <line num="100" count="13" type="stmt"/>
      <line num="101" count="13" type="stmt"/>
      <line num="102" count="13" type="stmt"/>
      <line num="104" count="7" type="cond" truecount="2" falsecount="0"/>
      <line num="105" count="4" type="stmt"/>
      <line num="111" count="4" type="stmt"/>
      <line num="112" count="4" type="cond" truecount="1" falsecount="1"/>
      <line num="114" count="3" type="stmt"/>
      <line num="117" count="7" type="cond" truecount="2" falsecount="0"/>
      <line num="118" count="1" type="cond" truecount="1" falsecount="1"/>
      <line num="119" count="1" type="stmt"/>
      <line num="120" count="6" type="cond" truecount="2" falsecount="0"/>
      <line num="121" count="3" type="cond" truecount="1" falsecount="1"/>
      <line num="122" count="3" type="stmt"/>
      <line num="124" count="3" type="cond" truecount="1" falsecount="1"/>
      <line num="126" count="7" type="cond" truecount="2" falsecount="0"/>
      <line num="127" count="1" type="cond" truecount="1" falsecount="1"/>
      <line num="128" count="1" type="stmt"/>
      <line num="131" count="7" type="stmt"/>
      <line num="132" count="7" type="cond" truecount="4" falsecount="0"/>
      <line num="133" count="2" type="stmt"/>
      <line num="134" count="5" type="cond" truecount="2" falsecount="0"/>
      <line num="135" count="1" type="stmt"/>
      <line num="138" count="7" type="cond" truecount="2" falsecount="0"/>
      <line num="139" count="3" type="stmt"/>
      <line num="140" count="3" type="stmt"/>
      <line num="142" count="7" type="cond" truecount="2" falsecount="0"/>
      <line num="143" count="1" type="stmt"/>
      <line num="144" count="1" type="stmt"/>
      <line num="148" count="7" type="cond" truecount="2" falsecount="0"/>
      <line num="149" count="1" type="stmt"/>
      <line num="150" count="1" type="stmt"/>
      <line num="152" count="7" type="cond" truecount="2" falsecount="0"/>
      <line num="153" count="1" type="stmt"/>
      <line num="154" count="1" type="stmt"/>
      <line num="156" count="7" type="cond" truecount="2" falsecount="0"/>
      <line num="158" count="1" type="stmt"/>
      <line num="159" count="1" type="stmt"/>
      <line num="160" count="1" type="stmt"/>
      <line num="164" count="7" type="cond" truecount="4" falsecount="0"/>
      <line num="165" count="1" type="stmt"/>
      <line num="166" count="1" type="stmt"/>
      <line num="172" count="1" type="stmt"/>
      <line num="173" count="3" type="stmt"/>
      <line num="174" count="1" type="stmt"/>
      <line num="175" count="1" type="stmt"/>
      <line num="177" count="1" type="cond" truecount="2" falsecount="0"/>
      <line num="178" count="1" type="cond" truecount="3" falsecount="1"/>
      <line num="179" count="1" type="stmt"/>
      <line num="180" count="1" type="stmt"/>
      <line num="184" count="7" type="cond" truecount="4" falsecount="0"/>
      <line num="185" count="3" type="cond" truecount="1" falsecount="1"/>
      <line num="189" count="20" type="cond" truecount="1" falsecount="1"/>
      <line num="190" count="20" type="cond" truecount="2" falsecount="0"/>
      <line num="192" count="4" type="cond" truecount="2" falsecount="0"/>
      <line num="196" count="4" type="stmt"/>
      <line num="197" count="4" type="stmt"/>
      <line num="219" count="16" type="cond" truecount="2" falsecount="0"/>
      <line num="223" count="16" type="stmt"/>
      <line num="224" count="16" type="stmt"/>
      <line num="225" count="16" type="stmt"/>
      <line num="227" count="16" type="stmt"/>
      <line num="228" count="16" type="cond" truecount="2" falsecount="0"/>
      <line num="229" count="15" type="cond" truecount="1" falsecount="1"/>
      <line num="231" count="16" type="cond" truecount="2" falsecount="0"/>
      <line num="236" count="1" type="stmt"/>
      <line num="237" count="1" type="cond" truecount="1" falsecount="1"/>
      <line num="240" count="16" type="cond" truecount="4" falsecount="0"/>
      <line num="241" count="1" type="stmt"/>
      <line num="244" count="15" type="stmt"/>
      <line num="265" count="6" type="stmt"/>
    </file>
    <file name="exit.engine.js" path="/home/runner/work/Market-Pulse/Market-Pulse/backend/src/engines/exit.engine.js">
      <metrics statements="67" coveredstatements="62" conditionals="77" coveredconditionals="65" methods="1" coveredmethods="1"/>
      <line num="1" count="2" type="cond" truecount="2" falsecount="0"/>
      <line num="19" count="2" type="cond" truecount="0" falsecount="1"/>
      <line num="20" count="11" type="cond" truecount="4" falsecount="0"/>
      <line num="21" count="1" type="stmt"/>
      <line num="24" count="10" type="cond" truecount="1" falsecount="1"/>
      <line num="25" count="10" type="stmt"/>
      <line num="26" count="10" type="stmt"/>
      <line num="28" count="10" type="cond" truecount="4" falsecount="0"/>
      <line num="29" count="1" type="stmt"/>
      <line num="32" count="9" type="cond" truecount="2" falsecount="0"/>
      <line num="33" count="9" type="cond" truecount="1" falsecount="1"/>
      <line num="34" count="9" type="stmt"/>
      <line num="35" count="9" type="stmt"/>
      <line num="41" count="9" type="cond" truecount="2" falsecount="0"/>
      <line num="42" count="9" type="cond" truecount="2" falsecount="0"/>
      <line num="44" count="9" type="cond" truecount="5" falsecount="0"/>
      <line num="46" count="9" type="cond" truecount="3" falsecount="0"/>
      <line num="51" count="9" type="stmt"/>
      <line num="52" count="9" type="stmt"/>
      <line num="53" count="9" type="stmt"/>
      <line num="55" count="9" type="cond" truecount="4" falsecount="0"/>
      <line num="56" count="1" type="stmt"/>
      <line num="57" count="1" type="stmt"/>
      <line num="58" count="1" type="stmt"/>
      <line num="59" count="8" type="cond" truecount="2" falsecount="0"/>
      <line num="61" count="4" type="stmt"/>
      <line num="65" count="4" type="cond" truecount="2" falsecount="0"/>
      <line num="66" count="3" type="stmt"/>
      <line num="67" count="3" type="stmt"/>
      <line num="68" count="3" type="cond" truecount="2" falsecount="0"/>
      <line num="70" count="1" type="stmt"/>
      <line num="72" count="4" type="stmt"/>
      <line num="73" count="4" type="cond" truecount="2" falsecount="0"/>
      <line num="74" count="4" type="cond" truecount="2" falsecount="0"/>
      <line num="75" count="4" type="cond" truecount="5" falsecount="0"/>
      <line num="76" count="1" type="stmt"/>
      <line num="77" count="1" type="stmt"/>
      <line num="78" count="1" type="stmt"/>
      <line num="79" count="1" type="cond" truecount="1" falsecount="1"/>
      <line num="80" count="1" type="stmt"/>
      <line num="81" count="1" type="stmt"/>
      <line num="82" count="3" type="cond" truecount="4" falsecount="0"/>
      <line num="83" count="1" type="stmt"/>
      <line num="84" count="1" type="stmt"/>
      <line num="85" count="1" type="stmt"/>
      <line num="86" count="2" type="cond" truecount="2" falsecount="3"/>
      <line num="87" count="0" type="stmt"/>
      <line num="88" count="0" type="stmt"/>
      <line num="89" count="0" type="stmt"/>
      <line num="90" count="0" type="cond" truecount="0" falsecount="2"/>
      <line num="91" count="0" type="stmt"/>
      <line num="92" count="2" type="cond" truecount="5" falsecount="0"/>
      <line num="93" count="1" type="stmt"/>
      <line num="94" count="1" type="stmt"/>
      <line num="95" count="1" type="stmt"/>
      <line num="96" count="1" type="cond" truecount="1" falsecount="1"/>
      <line num="97" count="1" type="stmt"/>
      <line num="98" count="1" type="stmt"/>
      <line num="99" count="1" type="cond" truecount="4" falsecount="1"/>
      <line num="100" count="1" type="stmt"/>
      <line num="101" count="1" type="stmt"/>
      <line num="102" count="1" type="stmt"/>
      <line num="103" count="1" type="cond" truecount="1" falsecount="1"/>
      <line num="104" count="1" type="stmt"/>
      <line num="105" count="1" type="stmt"/>
      <line num="108" count="9" type="stmt"/>
      <line num="117" count="2" type="stmt"/>
    </file>
  </project>
</coverage>
