{"D:\\Projects\\Stock Trading Platform\\backend\\src\\engines\\entry.engine.js": {"path":"D:\\Projects\\Stock Trading Platform\\backend\\src\\engines\\entry.engine.js","statementMap":{"0":{"start":{"line":1,"column":39},"end":{"line":1,"column":73}},"1":{"start":{"line":2,"column":28},"end":{"line":2,"column":66}},"2":{"start":{"line":3,"column":26},"end":{"line":3,"column":60}},"3":{"start":{"line":7,"column":4},"end":{"line":7,"column":46}},"4":{"start":{"line":9,"column":45},"end":{"line":14,"column":1}},"5":{"start":{"line":10,"column":2},"end":{"line":10,"column":40}},"6":{"start":{"line":10,"column":27},"end":{"line":10,"column":40}},"7":{"start":{"line":11,"column":2},"end":{"line":11,"column":43}},"8":{"start":{"line":11,"column":29},"end":{"line":11,"column":43}},"9":{"start":{"line":12,"column":2},"end":{"line":12,"column":42}},"10":{"start":{"line":12,"column":27},"end":{"line":12,"column":42}},"11":{"start":{"line":13,"column":2},"end":{"line":13,"column":87}},"12":{"start":{"line":16,"column":30},"end":{"line":134,"column":1}},"13":{"start":{"line":17,"column":2},"end":{"line":19,"column":3}},"14":{"start":{"line":18,"column":4},"end":{"line":18,"column":50}},"15":{"start":{"line":21,"column":14},"end":{"line":21,"column":49}},"16":{"start":{"line":22,"column":15},"end":{"line":22,"column":31}},"17":{"start":{"line":23,"column":24},"end":{"line":23,"column":49}},"18":{"start":{"line":24,"column":26},"end":{"line":24,"column":53}},"19":{"start":{"line":25,"column":15},"end":{"line":25,"column":33}},"20":{"start":{"line":27,"column":24},"end":{"line":27,"column":89}},"21":{"start":{"line":28,"column":24},"end":{"line":28,"column":80}},"22":{"start":{"line":29,"column":26},"end":{"line":29,"column":84}},"23":{"start":{"line":30,"column":26},"end":{"line":32,"column":59}},"24":{"start":{"line":34,"column":18},"end":{"line":34,"column":20}},"25":{"start":{"line":35,"column":11},"end":{"line":35,"column":12}},"26":{"start":{"line":36,"column":23},"end":{"line":36,"column":64}},"27":{"start":{"line":38,"column":2},"end":{"line":51,"column":3}},"28":{"start":{"line":39,"column":4},"end":{"line":50,"column":6}},"29":{"start":{"line":53,"column":2},"end":{"line":75,"column":3}},"30":{"start":{"line":54,"column":4},"end":{"line":59,"column":7}},"31":{"start":{"line":61,"column":4},"end":{"line":73,"column":5}},"32":{"start":{"line":62,"column":6},"end":{"line":72,"column":8}},"33":{"start":{"line":74,"column":4},"end":{"line":74,"column":32}},"34":{"start":{"line":77,"column":23},"end":{"line":77,"column":24}},"35":{"start":{"line":79,"column":2},"end":{"line":82,"column":3}},"36":{"start":{"line":80,"column":4},"end":{"line":80,"column":48}},"37":{"start":{"line":81,"column":4},"end":{"line":81,"column":43}},"38":{"start":{"line":84,"column":2},"end":{"line":87,"column":3}},"39":{"start":{"line":85,"column":4},"end":{"line":85,"column":49}},"40":{"start":{"line":86,"column":4},"end":{"line":86,"column":37}},"41":{"start":{"line":89,"column":2},"end":{"line":92,"column":3}},"42":{"start":{"line":90,"column":4},"end":{"line":90,"column":45}},"43":{"start":{"line":91,"column":4},"end":{"line":91,"column":41}},"44":{"start":{"line":94,"column":2},"end":{"line":97,"column":3}},"45":{"start":{"line":95,"column":4},"end":{"line":95,"column":45}},"46":{"start":{"line":96,"column":4},"end":{"line":96,"column":37}},"47":{"start":{"line":99,"column":2},"end":{"line":108,"column":3}},"48":{"start":{"line":100,"column":26},"end":{"line":105,"column":6}},"49":{"start":{"line":106,"column":4},"end":{"line":106,"column":36}},"50":{"start":{"line":107,"column":4},"end":{"line":107,"column":58}},"51":{"start":{"line":107,"column":27},"end":{"line":107,"column":58}},"52":{"start":{"line":110,"column":29},"end":{"line":110,"column":100}},"53":{"start":{"line":111,"column":2},"end":{"line":111,"column":65}},"54":{"start":{"line":111,"column":30},"end":{"line":111,"column":65}},"55":{"start":{"line":113,"column":21},"end":{"line":113,"column":75}},"56":{"start":{"line":115,"column":16},"end":{"line":115,"column":23}},"57":{"start":{"line":116,"column":2},"end":{"line":117,"column":62}},"58":{"start":{"line":116,"column":38},"end":{"line":116,"column":56}},"59":{"start":{"line":117,"column":7},"end":{"line":117,"column":62}},"60":{"start":{"line":117,"column":42},"end":{"line":117,"column":62}},"61":{"start":{"line":119,"column":2},"end":{"line":121,"column":3}},"62":{"start":{"line":120,"column":4},"end":{"line":120,"column":98}},"63":{"start":{"line":123,"column":2},"end":{"line":133,"column":4}},"64":{"start":{"line":136,"column":0},"end":{"line":139,"column":2}}},"fnMap":{"0":{"name":"(anonymous_0)","decl":{"start":{"line":9,"column":45},"end":{"line":9,"column":46}},"loc":{"start":{"line":9,"column":58},"end":{"line":14,"column":1}},"line":9},"1":{"name":"(anonymous_1)","decl":{"start":{"line":16,"column":30},"end":{"line":16,"column":31}},"loc":{"start":{"line":16,"column":46},"end":{"line":134,"column":1}},"line":16}},"branchMap":{"0":{"loc":{"start":{"line":10,"column":2},"end":{"line":10,"column":40}},"type":"if","locations":[{"start":{"line":10,"column":2},"end":{"line":10,"column":40}},{"start":{},"end":{}}],"line":10},"1":{"loc":{"start":{"line":11,"column":2},"end":{"line":11,"column":43}},"type":"if","locations":[{"start":{"line":11,"column":2},"end":{"line":11,"column":43}},{"start":{},"end":{}}],"line":11},"2":{"loc":{"start":{"line":12,"column":2},"end":{"line":12,"column":42}},"type":"if","locations":[{"start":{"line":12,"column":2},"end":{"line":12,"column":42}},{"start":{},"end":{}}],"line":12},"3":{"loc":{"start":{"line":16,"column":31},"end":{"line":16,"column":41}},"type":"default-arg","locations":[{"start":{"line":16,"column":39},"end":{"line":16,"column":41}}],"line":16},"4":{"loc":{"start":{"line":17,"column":2},"end":{"line":19,"column":3}},"type":"if","locations":[{"start":{"line":17,"column":2},"end":{"line":19,"column":3}},{"start":{},"end":{}}],"line":17},"5":{"loc":{"start":{"line":17,"column":6},"end":{"line":17,"column":41}},"type":"binary-expr","locations":[{"start":{"line":17,"column":6},"end":{"line":17,"column":12}},{"start":{"line":17,"column":16},"end":{"line":17,"column":41}}],"line":17},"6":{"loc":{"start":{"line":22,"column":15},"end":{"line":22,"column":31}},"type":"binary-expr","locations":[{"start":{"line":22,"column":15},"end":{"line":22,"column":25}},{"start":{"line":22,"column":29},"end":{"line":22,"column":31}}],"line":22},"7":{"loc":{"start":{"line":23,"column":24},"end":{"line":23,"column":49}},"type":"binary-expr","locations":[{"start":{"line":23,"column":24},"end":{"line":23,"column":43}},{"start":{"line":23,"column":47},"end":{"line":23,"column":49}}],"line":23},"8":{"loc":{"start":{"line":24,"column":26},"end":{"line":24,"column":53}},"type":"binary-expr","locations":[{"start":{"line":24,"column":26},"end":{"line":24,"column":47}},{"start":{"line":24,"column":51},"end":{"line":24,"column":53}}],"line":24},"9":{"loc":{"start":{"line":25,"column":15},"end":{"line":25,"column":33}},"type":"binary-expr","locations":[{"start":{"line":25,"column":15},"end":{"line":25,"column":24}},{"start":{"line":25,"column":28},"end":{"line":25,"column":33}}],"line":25},"10":{"loc":{"start":{"line":27,"column":24},"end":{"line":27,"column":89}},"type":"cond-expr","locations":[{"start":{"line":27,"column":63},"end":{"line":27,"column":84}},{"start":{"line":27,"column":87},"end":{"line":27,"column":89}}],"line":27},"11":{"loc":{"start":{"line":30,"column":26},"end":{"line":32,"column":59}},"type":"cond-expr","locations":[{"start":{"line":31,"column":6},"end":{"line":31,"column":51}},{"start":{"line":32,"column":6},"end":{"line":32,"column":59}}],"line":30},"12":{"loc":{"start":{"line":38,"column":2},"end":{"line":51,"column":3}},"type":"if","locations":[{"start":{"line":38,"column":2},"end":{"line":51,"column":3}},{"start":{},"end":{}}],"line":38},"13":{"loc":{"start":{"line":38,"column":6},"end":{"line":38,"column":40}},"type":"binary-expr","locations":[{"start":{"line":38,"column":6},"end":{"line":38,"column":20}},{"start":{"line":38,"column":24},"end":{"line":38,"column":40}}],"line":38},"14":{"loc":{"start":{"line":49,"column":14},"end":{"line":49,"column":88}},"type":"cond-expr","locations":[{"start":{"line":49,"column":31},"end":{"line":49,"column":57}},{"start":{"line":49,"column":60},"end":{"line":49,"column":88}}],"line":49},"15":{"loc":{"start":{"line":53,"column":2},"end":{"line":75,"column":3}},"type":"if","locations":[{"start":{"line":53,"column":2},"end":{"line":75,"column":3}},{"start":{},"end":{}}],"line":53},"16":{"loc":{"start":{"line":61,"column":4},"end":{"line":73,"column":5}},"type":"if","locations":[{"start":{"line":61,"column":4},"end":{"line":73,"column":5}},{"start":{},"end":{}}],"line":61},"17":{"loc":{"start":{"line":74,"column":9},"end":{"line":74,"column":31}},"type":"binary-expr","locations":[{"start":{"line":74,"column":9},"end":{"line":74,"column":26}},{"start":{"line":74,"column":30},"end":{"line":74,"column":31}}],"line":74},"18":{"loc":{"start":{"line":79,"column":2},"end":{"line":82,"column":3}},"type":"if","locations":[{"start":{"line":79,"column":2},"end":{"line":82,"column":3}},{"start":{},"end":{}}],"line":79},"19":{"loc":{"start":{"line":79,"column":6},"end":{"line":79,"column":66}},"type":"binary-expr","locations":[{"start":{"line":79,"column":6},"end":{"line":79,"column":20}},{"start":{"line":79,"column":24},"end":{"line":79,"column":66}}],"line":79},"20":{"loc":{"start":{"line":84,"column":2},"end":{"line":87,"column":3}},"type":"if","locations":[{"start":{"line":84,"column":2},"end":{"line":87,"column":3}},{"start":{},"end":{}}],"line":84},"21":{"loc":{"start":{"line":89,"column":2},"end":{"line":92,"column":3}},"type":"if","locations":[{"start":{"line":89,"column":2},"end":{"line":92,"column":3}},{"start":{},"end":{}}],"line":89},"22":{"loc":{"start":{"line":94,"column":2},"end":{"line":97,"column":3}},"type":"if","locations":[{"start":{"line":94,"column":2},"end":{"line":97,"column":3}},{"start":{},"end":{}}],"line":94},"23":{"loc":{"start":{"line":99,"column":2},"end":{"line":108,"column":3}},"type":"if","locations":[{"start":{"line":99,"column":2},"end":{"line":108,"column":3}},{"start":{},"end":{}}],"line":99},"24":{"loc":{"start":{"line":107,"column":4},"end":{"line":107,"column":58}},"type":"if","locations":[{"start":{"line":107,"column":4},"end":{"line":107,"column":58}},{"start":{},"end":{}}],"line":107},"25":{"loc":{"start":{"line":110,"column":29},"end":{"line":110,"column":100}},"type":"cond-expr","locations":[{"start":{"line":110,"column":73},"end":{"line":110,"column":96}},{"start":{"line":110,"column":99},"end":{"line":110,"column":100}}],"line":110},"26":{"loc":{"start":{"line":111,"column":2},"end":{"line":111,"column":65}},"type":"if","locations":[{"start":{"line":111,"column":2},"end":{"line":111,"column":65}},{"start":{},"end":{}}],"line":111},"27":{"loc":{"start":{"line":116,"column":2},"end":{"line":117,"column":62}},"type":"if","locations":[{"start":{"line":116,"column":2},"end":{"line":117,"column":62}},{"start":{"line":117,"column":7},"end":{"line":117,"column":62}}],"line":116},"28":{"loc":{"start":{"line":117,"column":7},"end":{"line":117,"column":62}},"type":"if","locations":[{"start":{"line":117,"column":7},"end":{"line":117,"column":62}},{"start":{},"end":{}}],"line":117},"29":{"loc":{"start":{"line":119,"column":2},"end":{"line":121,"column":3}},"type":"if","locations":[{"start":{"line":119,"column":2},"end":{"line":121,"column":3}},{"start":{},"end":{}}],"line":119},"30":{"loc":{"start":{"line":119,"column":6},"end":{"line":119,"column":62}},"type":"binary-expr","locations":[{"start":{"line":119,"column":6},"end":{"line":119,"column":25}},{"start":{"line":119,"column":29},"end":{"line":119,"column":62}}],"line":119}},"s":{"0":2,"1":2,"2":2,"3":2,"4":2,"5":3,"6":1,"7":2,"8":0,"9":2,"10":1,"11":1,"12":2,"13":8,"14":1,"15":7,"16":7,"17":7,"18":7,"19":7,"20":7,"21":7,"22":7,"23":7,"24":7,"25":7,"26":7,"27":7,"28":1,"29":6,"30":6,"31":6,"32":2,"33":4,"34":4,"35":4,"36":2,"37":2,"38":4,"39":1,"40":1,"41":4,"42":2,"43":2,"44":4,"45":1,"46":1,"47":4,"48":4,"49":4,"50":4,"51":0,"52":4,"53":4,"54":1,"55":4,"56":4,"57":4,"58":2,"59":2,"60":0,"61":4,"62":1,"63":3,"64":2},"f":{"0":3,"1":8},"b":{"0":[1,2],"1":[0,2],"2":[1,1],"3":[0],"4":[1,7],"5":[8,7],"6":[7,0],"7":[7,0],"8":[7,0],"9":[7,0],"10":[7,0],"11":[0,7],"12":[1,6],"13":[7,7],"14":[0,1],"15":[6,0],"16":[2,4],"17":[4,0],"18":[2,2],"19":[4,4],"20":[1,3],"21":[2,2],"22":[1,3],"23":[4,0],"24":[0,4],"25":[1,3],"26":[1,3],"27":[2,2],"28":[0,2],"29":[1,3],"30":[4,2]},"_coverageSchema":"1a1c01bbd47fc00a2c39e90264f33305004495a9","hash":"98f8a69a5437603426b38757228fb7de03365ec9"}
,"D:\\Projects\\Stock Trading Platform\\backend\\src\\engines\\exit.engine.js": {"path":"D:\\Projects\\Stock Trading Platform\\backend\\src\\engines\\exit.engine.js","statementMap":{"0":{"start":{"line":1,"column":21},"end":{"line":56,"column":1}},"1":{"start":{"line":2,"column":2},"end":{"line":4,"column":3}},"2":{"start":{"line":3,"column":4},"end":{"line":3,"column":42}},"3":{"start":{"line":6,"column":20},"end":{"line":6,"column":41}},"4":{"start":{"line":7,"column":26},"end":{"line":7,"column":59}},"5":{"start":{"line":8,"column":25},"end":{"line":8,"column":53}},"6":{"start":{"line":10,"column":2},"end":{"line":12,"column":3}},"7":{"start":{"line":11,"column":4},"end":{"line":11,"column":74}},"8":{"start":{"line":14,"column":24},"end":{"line":14,"column":60}},"9":{"start":{"line":15,"column":27},"end":{"line":15,"column":66}},"10":{"start":{"line":16,"column":19},"end":{"line":16,"column":51}},"11":{"start":{"line":17,"column":17},"end":{"line":17,"column":49}},"12":{"start":{"line":19,"column":17},"end":{"line":19,"column":25}},"13":{"start":{"line":20,"column":23},"end":{"line":20,"column":26}},"14":{"start":{"line":21,"column":16},"end":{"line":21,"column":18}},"15":{"start":{"line":23,"column":2},"end":{"line":49,"column":3}},"16":{"start":{"line":24,"column":4},"end":{"line":24,"column":31}},"17":{"start":{"line":25,"column":4},"end":{"line":25,"column":25}},"18":{"start":{"line":26,"column":4},"end":{"line":26,"column":30}},"19":{"start":{"line":27,"column":9},"end":{"line":49,"column":3}},"20":{"start":{"line":28,"column":4},"end":{"line":28,"column":27}},"21":{"start":{"line":29,"column":4},"end":{"line":29,"column":24}},"22":{"start":{"line":30,"column":4},"end":{"line":30,"column":27}},"23":{"start":{"line":31,"column":9},"end":{"line":49,"column":3}},"24":{"start":{"line":32,"column":4},"end":{"line":32,"column":24}},"25":{"start":{"line":33,"column":4},"end":{"line":33,"column":25}},"26":{"start":{"line":34,"column":4},"end":{"line":34,"column":29}},"27":{"start":{"line":35,"column":9},"end":{"line":49,"column":3}},"28":{"start":{"line":36,"column":4},"end":{"line":36,"column":28}},"29":{"start":{"line":37,"column":22},"end":{"line":37,"column":56}},"30":{"start":{"line":38,"column":19},"end":{"line":38,"column":51}},"31":{"start":{"line":39,"column":4},"end":{"line":39,"column":93}},"32":{"start":{"line":40,"column":4},"end":{"line":40,"column":36}},"33":{"start":{"line":41,"column":9},"end":{"line":49,"column":3}},"34":{"start":{"line":42,"column":4},"end":{"line":42,"column":28}},"35":{"start":{"line":43,"column":4},"end":{"line":43,"column":24}},"36":{"start":{"line":44,"column":4},"end":{"line":44,"column":28}},"37":{"start":{"line":45,"column":9},"end":{"line":49,"column":3}},"38":{"start":{"line":46,"column":4},"end":{"line":46,"column":27}},"39":{"start":{"line":47,"column":4},"end":{"line":47,"column":24}},"40":{"start":{"line":48,"column":4},"end":{"line":48,"column":33}},"41":{"start":{"line":51,"column":2},"end":{"line":55,"column":4}},"42":{"start":{"line":58,"column":0},"end":{"line":58,"column":34}}},"fnMap":{"0":{"name":"(anonymous_0)","decl":{"start":{"line":1,"column":21},"end":{"line":1,"column":22}},"loc":{"start":{"line":1,"column":37},"end":{"line":56,"column":1}},"line":1}},"branchMap":{"0":{"loc":{"start":{"line":1,"column":22},"end":{"line":1,"column":32}},"type":"default-arg","locations":[{"start":{"line":1,"column":30},"end":{"line":1,"column":32}}],"line":1},"1":{"loc":{"start":{"line":2,"column":2},"end":{"line":4,"column":3}},"type":"if","locations":[{"start":{"line":2,"column":2},"end":{"line":4,"column":3}},{"start":{},"end":{}}],"line":2},"2":{"loc":{"start":{"line":2,"column":6},"end":{"line":2,"column":41}},"type":"binary-expr","locations":[{"start":{"line":2,"column":6},"end":{"line":2,"column":12}},{"start":{"line":2,"column":16},"end":{"line":2,"column":41}}],"line":2},"3":{"loc":{"start":{"line":6,"column":20},"end":{"line":6,"column":41}},"type":"binary-expr","locations":[{"start":{"line":6,"column":20},"end":{"line":6,"column":35}},{"start":{"line":6,"column":39},"end":{"line":6,"column":41}}],"line":6},"4":{"loc":{"start":{"line":10,"column":2},"end":{"line":12,"column":3}},"type":"if","locations":[{"start":{"line":10,"column":2},"end":{"line":12,"column":3}},{"start":{},"end":{}}],"line":10},"5":{"loc":{"start":{"line":10,"column":6},"end":{"line":10,"column":75}},"type":"binary-expr","locations":[{"start":{"line":10,"column":6},"end":{"line":10,"column":39}},{"start":{"line":10,"column":43},"end":{"line":10,"column":75}}],"line":10},"6":{"loc":{"start":{"line":14,"column":31},"end":{"line":14,"column":59}},"type":"binary-expr","locations":[{"start":{"line":14,"column":31},"end":{"line":14,"column":54}},{"start":{"line":14,"column":58},"end":{"line":14,"column":59}}],"line":14},"7":{"loc":{"start":{"line":15,"column":34},"end":{"line":15,"column":65}},"type":"binary-expr","locations":[{"start":{"line":15,"column":34},"end":{"line":15,"column":60}},{"start":{"line":15,"column":64},"end":{"line":15,"column":65}}],"line":15},"8":{"loc":{"start":{"line":23,"column":2},"end":{"line":49,"column":3}},"type":"if","locations":[{"start":{"line":23,"column":2},"end":{"line":49,"column":3}},{"start":{"line":27,"column":9},"end":{"line":49,"column":3}}],"line":23},"9":{"loc":{"start":{"line":23,"column":6},"end":{"line":23,"column":54}},"type":"binary-expr","locations":[{"start":{"line":23,"column":6},"end":{"line":23,"column":19}},{"start":{"line":23,"column":23},"end":{"line":23,"column":54}}],"line":23},"10":{"loc":{"start":{"line":27,"column":9},"end":{"line":49,"column":3}},"type":"if","locations":[{"start":{"line":27,"column":9},"end":{"line":49,"column":3}},{"start":{"line":31,"column":9},"end":{"line":49,"column":3}}],"line":27},"11":{"loc":{"start":{"line":27,"column":13},"end":{"line":27,"column":78}},"type":"binary-expr","locations":[{"start":{"line":27,"column":13},"end":{"line":27,"column":21}},{"start":{"line":27,"column":25},"end":{"line":27,"column":41}},{"start":{"line":27,"column":45},"end":{"line":27,"column":78}}],"line":27},"12":{"loc":{"start":{"line":31,"column":9},"end":{"line":49,"column":3}},"type":"if","locations":[{"start":{"line":31,"column":9},"end":{"line":49,"column":3}},{"start":{"line":35,"column":9},"end":{"line":49,"column":3}}],"line":31},"13":{"loc":{"start":{"line":31,"column":13},"end":{"line":31,"column":67}},"type":"binary-expr","locations":[{"start":{"line":31,"column":13},"end":{"line":31,"column":29}},{"start":{"line":31,"column":33},"end":{"line":31,"column":67}}],"line":31},"14":{"loc":{"start":{"line":35,"column":9},"end":{"line":49,"column":3}},"type":"if","locations":[{"start":{"line":35,"column":9},"end":{"line":49,"column":3}},{"start":{"line":41,"column":9},"end":{"line":49,"column":3}}],"line":35},"15":{"loc":{"start":{"line":35,"column":13},"end":{"line":35,"column":78}},"type":"binary-expr","locations":[{"start":{"line":35,"column":13},"end":{"line":35,"column":21}},{"start":{"line":35,"column":25},"end":{"line":35,"column":41}},{"start":{"line":35,"column":45},"end":{"line":35,"column":78}}],"line":35},"16":{"loc":{"start":{"line":39,"column":21},"end":{"line":39,"column":92}},"type":"cond-expr","locations":[{"start":{"line":39,"column":37},"end":{"line":39,"column":88}},{"start":{"line":39,"column":91},"end":{"line":39,"column":92}}],"line":39},"17":{"loc":{"start":{"line":41,"column":9},"end":{"line":49,"column":3}},"type":"if","locations":[{"start":{"line":41,"column":9},"end":{"line":49,"column":3}},{"start":{"line":45,"column":9},"end":{"line":49,"column":3}}],"line":41},"18":{"loc":{"start":{"line":41,"column":13},"end":{"line":41,"column":70}},"type":"binary-expr","locations":[{"start":{"line":41,"column":13},"end":{"line":41,"column":19}},{"start":{"line":41,"column":23},"end":{"line":41,"column":36}},{"start":{"line":41,"column":40},"end":{"line":41,"column":70}}],"line":41},"19":{"loc":{"start":{"line":45,"column":9},"end":{"line":49,"column":3}},"type":"if","locations":[{"start":{"line":45,"column":9},"end":{"line":49,"column":3}},{"start":{},"end":{}}],"line":45},"20":{"loc":{"start":{"line":45,"column":13},"end":{"line":45,"column":70}},"type":"binary-expr","locations":[{"start":{"line":45,"column":13},"end":{"line":45,"column":19}},{"start":{"line":45,"column":23},"end":{"line":45,"column":36}},{"start":{"line":45,"column":40},"end":{"line":45,"column":70}}],"line":45}},"s":{"0":5,"1":13,"2":1,"3":12,"4":12,"5":12,"6":12,"7":1,"8":11,"9":11,"10":11,"11":11,"12":11,"13":11,"14":11,"15":11,"16":4,"17":4,"18":4,"19":7,"20":2,"21":2,"22":2,"23":5,"24":2,"25":2,"26":2,"27":3,"28":1,"29":1,"30":1,"31":1,"32":1,"33":2,"34":2,"35":2,"36":2,"37":0,"38":0,"39":0,"40":0,"41":11,"42":5},"f":{"0":13},"b":{"0":[0],"1":[1,12],"2":[13,12],"3":[12,0],"4":[1,11],"5":[12,11],"6":[11,0],"7":[11,0],"8":[4,7],"9":[11,11],"10":[2,5],"11":[7,5,5],"12":[2,3],"13":[5,5],"14":[1,2],"15":[3,1,1],"16":[1,0],"17":[2,0],"18":[2,2,2],"19":[0,0],"20":[0,0,0]},"_coverageSchema":"1a1c01bbd47fc00a2c39e90264f33305004495a9","hash":"24002a592c44aec89056ec54e6babc6a74f20496"}
,"D:\\Projects\\Stock Trading Platform\\backend\\src\\engines\\reflection.engine.js": {"path":"D:\\Projects\\Stock Trading Platform\\backend\\src\\engines\\reflection.engine.js","statementMap":{"0":{"start":{"line":5,"column":25},"end":{"line":5,"column":49}},"1":{"start":{"line":7,"column":0},"end":{"line":81,"column":2}},"2":{"start":{"line":8,"column":2},"end":{"line":10,"column":3}},"3":{"start":{"line":9,"column":4},"end":{"line":9,"column":91}},"4":{"start":{"line":12,"column":21},"end":{"line":12,"column":53}},"5":{"start":{"line":13,"column":20},"end":{"line":13,"column":51}},"6":{"start":{"line":14,"column":24},"end":{"line":14,"column":54}},"7":{"start":{"line":15,"column":27},"end":{"line":15,"column":60}},"8":{"start":{"line":17,"column":2},"end":{"line":19,"column":3}},"9":{"start":{"line":18,"column":4},"end":{"line":18,"column":82}},"10":{"start":{"line":21,"column":23},"end":{"line":31,"column":4}},"11":{"start":{"line":33,"column":16},"end":{"line":33,"column":25}},"12":{"start":{"line":34,"column":25},"end":{"line":34,"column":38}},"13":{"start":{"line":35,"column":23},"end":{"line":35,"column":50}},"14":{"start":{"line":36,"column":16},"end":{"line":36,"column":64}},"15":{"start":{"line":37,"column":20},"end":{"line":37,"column":56}},"16":{"start":{"line":38,"column":15},"end":{"line":38,"column":17}},"17":{"start":{"line":40,"column":2},"end":{"line":71,"column":3}},"18":{"start":{"line":41,"column":4},"end":{"line":41,"column":35}},"19":{"start":{"line":42,"column":4},"end":{"line":42,"column":36}},"20":{"start":{"line":43,"column":4},"end":{"line":43,"column":108}},"21":{"start":{"line":44,"column":9},"end":{"line":71,"column":3}},"22":{"start":{"line":45,"column":4},"end":{"line":45,"column":33}},"23":{"start":{"line":46,"column":4},"end":{"line":46,"column":37}},"24":{"start":{"line":47,"column":4},"end":{"line":47,"column":101}},"25":{"start":{"line":48,"column":9},"end":{"line":71,"column":3}},"26":{"start":{"line":49,"column":4},"end":{"line":49,"column":29}},"27":{"start":{"line":50,"column":4},"end":{"line":50,"column":36}},"28":{"start":{"line":51,"column":4},"end":{"line":51,"column":132}},"29":{"start":{"line":52,"column":4},"end":{"line":52,"column":103}},"30":{"start":{"line":53,"column":4},"end":{"line":53,"column":44}},"31":{"start":{"line":54,"column":9},"end":{"line":71,"column":3}},"32":{"start":{"line":55,"column":4},"end":{"line":55,"column":33}},"33":{"start":{"line":56,"column":4},"end":{"line":56,"column":35}},"34":{"start":{"line":57,"column":4},"end":{"line":57,"column":110}},"35":{"start":{"line":58,"column":4},"end":{"line":58,"column":27}},"36":{"start":{"line":59,"column":9},"end":{"line":71,"column":3}},"37":{"start":{"line":60,"column":4},"end":{"line":60,"column":29}},"38":{"start":{"line":61,"column":4},"end":{"line":61,"column":34}},"39":{"start":{"line":62,"column":4},"end":{"line":62,"column":113}},"40":{"start":{"line":63,"column":4},"end":{"line":63,"column":114}},"41":{"start":{"line":64,"column":4},"end":{"line":64,"column":43}},"42":{"start":{"line":65,"column":9},"end":{"line":71,"column":3}},"43":{"start":{"line":66,"column":4},"end":{"line":66,"column":29}},"44":{"start":{"line":67,"column":4},"end":{"line":67,"column":40}},"45":{"start":{"line":68,"column":4},"end":{"line":68,"column":107}},"46":{"start":{"line":69,"column":4},"end":{"line":69,"column":108}},"47":{"start":{"line":70,"column":4},"end":{"line":70,"column":47}},"48":{"start":{"line":73,"column":2},"end":{"line":80,"column":4}}},"fnMap":{"0":{"name":"(anonymous_0)","decl":{"start":{"line":7,"column":28},"end":{"line":7,"column":29}},"loc":{"start":{"line":7,"column":45},"end":{"line":81,"column":1}},"line":7}},"branchMap":{"0":{"loc":{"start":{"line":8,"column":2},"end":{"line":10,"column":3}},"type":"if","locations":[{"start":{"line":8,"column":2},"end":{"line":10,"column":3}},{"start":{},"end":{}}],"line":8},"1":{"loc":{"start":{"line":8,"column":6},"end":{"line":8,"column":53}},"type":"binary-expr","locations":[{"start":{"line":8,"column":6},"end":{"line":8,"column":18}},{"start":{"line":8,"column":22},"end":{"line":8,"column":53}}],"line":8},"2":{"loc":{"start":{"line":12,"column":21},"end":{"line":12,"column":53}},"type":"binary-expr","locations":[{"start":{"line":12,"column":21},"end":{"line":12,"column":48}},{"start":{"line":12,"column":52},"end":{"line":12,"column":53}}],"line":12},"3":{"loc":{"start":{"line":13,"column":20},"end":{"line":13,"column":51}},"type":"binary-expr","locations":[{"start":{"line":13,"column":20},"end":{"line":13,"column":46}},{"start":{"line":13,"column":50},"end":{"line":13,"column":51}}],"line":13},"4":{"loc":{"start":{"line":14,"column":24},"end":{"line":14,"column":54}},"type":"binary-expr","locations":[{"start":{"line":14,"column":24},"end":{"line":14,"column":49}},{"start":{"line":14,"column":53},"end":{"line":14,"column":54}}],"line":14},"5":{"loc":{"start":{"line":15,"column":27},"end":{"line":15,"column":60}},"type":"binary-expr","locations":[{"start":{"line":15,"column":27},"end":{"line":15,"column":55}},{"start":{"line":15,"column":59},"end":{"line":15,"column":60}}],"line":15},"6":{"loc":{"start":{"line":17,"column":2},"end":{"line":19,"column":3}},"type":"if","locations":[{"start":{"line":17,"column":2},"end":{"line":19,"column":3}},{"start":{},"end":{}}],"line":17},"7":{"loc":{"start":{"line":17,"column":6},"end":{"line":17,"column":57}},"type":"binary-expr","locations":[{"start":{"line":17,"column":6},"end":{"line":17,"column":30}},{"start":{"line":17,"column":34},"end":{"line":17,"column":57}}],"line":17},"8":{"loc":{"start":{"line":30,"column":29},"end":{"line":30,"column":59}},"type":"binary-expr","locations":[{"start":{"line":30,"column":29},"end":{"line":30,"column":53}},{"start":{"line":30,"column":57},"end":{"line":30,"column":59}}],"line":30},"9":{"loc":{"start":{"line":40,"column":2},"end":{"line":71,"column":3}},"type":"if","locations":[{"start":{"line":40,"column":2},"end":{"line":71,"column":3}},{"start":{"line":44,"column":9},"end":{"line":71,"column":3}}],"line":40},"10":{"loc":{"start":{"line":44,"column":9},"end":{"line":71,"column":3}},"type":"if","locations":[{"start":{"line":44,"column":9},"end":{"line":71,"column":3}},{"start":{"line":48,"column":9},"end":{"line":71,"column":3}}],"line":44},"11":{"loc":{"start":{"line":48,"column":9},"end":{"line":71,"column":3}},"type":"if","locations":[{"start":{"line":48,"column":9},"end":{"line":71,"column":3}},{"start":{"line":54,"column":9},"end":{"line":71,"column":3}}],"line":48},"12":{"loc":{"start":{"line":54,"column":9},"end":{"line":71,"column":3}},"type":"if","locations":[{"start":{"line":54,"column":9},"end":{"line":71,"column":3}},{"start":{"line":59,"column":9},"end":{"line":71,"column":3}}],"line":54},"13":{"loc":{"start":{"line":59,"column":9},"end":{"line":71,"column":3}},"type":"if","locations":[{"start":{"line":59,"column":9},"end":{"line":71,"column":3}},{"start":{"line":65,"column":9},"end":{"line":71,"column":3}}],"line":59},"14":{"loc":{"start":{"line":65,"column":9},"end":{"line":71,"column":3}},"type":"if","locations":[{"start":{"line":65,"column":9},"end":{"line":71,"column":3}},{"start":{},"end":{}}],"line":65}},"s":{"0":4,"1":4,"2":8,"3":1,"4":7,"5":7,"6":7,"7":7,"8":7,"9":0,"10":7,"11":7,"12":7,"13":7,"14":7,"15":7,"16":7,"17":7,"18":1,"19":1,"20":1,"21":6,"22":2,"23":2,"24":2,"25":4,"26":2,"27":2,"28":2,"29":2,"30":2,"31":2,"32":1,"33":1,"34":1,"35":1,"36":1,"37":1,"38":1,"39":1,"40":1,"41":1,"42":0,"43":0,"44":0,"45":0,"46":0,"47":0,"48":7},"f":{"0":8},"b":{"0":[1,7],"1":[8,7],"2":[7,0],"3":[7,0],"4":[7,0],"5":[7,0],"6":[0,7],"7":[7,7],"8":[7,7],"9":[1,6],"10":[2,4],"11":[2,2],"12":[1,1],"13":[1,0],"14":[0,0]},"_coverageSchema":"1a1c01bbd47fc00a2c39e90264f33305004495a9","hash":"c5992668258573f01476ca9c34fa528b55515af8"}
,"D:\\Projects\\Stock Trading Platform\\backend\\src\\middlewares\\auth.middleware.js": {"path":"D:\\Projects\\Stock Trading Platform\\backend\\src\\middlewares\\auth.middleware.js","statementMap":{"0":{"start":{"line":1,"column":12},"end":{"line":1,"column":35}},"1":{"start":{"line":2,"column":13},"end":{"line":2,"column":44}},"2":{"start":{"line":3,"column":17},"end":{"line":3,"column":45}},"3":{"start":{"line":5,"column":16},"end":{"line":30,"column":1}},"4":{"start":{"line":8,"column":2},"end":{"line":25,"column":3}},"5":{"start":{"line":9,"column":4},"end":{"line":24,"column":5}},"6":{"start":{"line":10,"column":6},"end":{"line":10,"column":54}},"7":{"start":{"line":11,"column":22},"end":{"line":11,"column":63}},"8":{"start":{"line":12,"column":6},"end":{"line":14,"column":7}},"9":{"start":{"line":13,"column":8},"end":{"line":13,"column":77}},"10":{"start":{"line":16,"column":6},"end":{"line":16,"column":73}},"11":{"start":{"line":17,"column":6},"end":{"line":19,"column":7}},"12":{"start":{"line":18,"column":8},"end":{"line":18,"column":73}},"13":{"start":{"line":21,"column":6},"end":{"line":21,"column":20}},"14":{"start":{"line":23,"column":6},"end":{"line":23,"column":69}},"15":{"start":{"line":27,"column":2},"end":{"line":29,"column":3}},"16":{"start":{"line":28,"column":4},"end":{"line":28,"column":68}},"17":{"start":{"line":32,"column":0},"end":{"line":32,"column":25}}},"fnMap":{"0":{"name":"(anonymous_0)","decl":{"start":{"line":5,"column":16},"end":{"line":5,"column":17}},"loc":{"start":{"line":5,"column":42},"end":{"line":30,"column":1}},"line":5}},"branchMap":{"0":{"loc":{"start":{"line":8,"column":2},"end":{"line":25,"column":3}},"type":"if","locations":[{"start":{"line":8,"column":2},"end":{"line":25,"column":3}},{"start":{},"end":{}}],"line":8},"1":{"loc":{"start":{"line":8,"column":6},"end":{"line":8,"column":81}},"type":"binary-expr","locations":[{"start":{"line":8,"column":6},"end":{"line":8,"column":31}},{"start":{"line":8,"column":35},"end":{"line":8,"column":81}}],"line":8},"2":{"loc":{"start":{"line":12,"column":6},"end":{"line":14,"column":7}},"type":"if","locations":[{"start":{"line":12,"column":6},"end":{"line":14,"column":7}},{"start":{},"end":{}}],"line":12},"3":{"loc":{"start":{"line":17,"column":6},"end":{"line":19,"column":7}},"type":"if","locations":[{"start":{"line":17,"column":6},"end":{"line":19,"column":7}},{"start":{},"end":{}}],"line":17},"4":{"loc":{"start":{"line":27,"column":2},"end":{"line":29,"column":3}},"type":"if","locations":[{"start":{"line":27,"column":2},"end":{"line":29,"column":3}},{"start":{},"end":{}}],"line":27}},"s":{"0":1,"1":1,"2":1,"3":1,"4":5,"5":4,"6":4,"7":4,"8":3,"9":1,"10":2,"11":2,"12":1,"13":1,"14":1,"15":1,"16":1,"17":1},"f":{"0":5},"b":{"0":[4,1],"1":[5,4],"2":[1,2],"3":[1,1],"4":[1,0]},"_coverageSchema":"1a1c01bbd47fc00a2c39e90264f33305004495a9","hash":"f49ed95d7860b9ac011bc036b7969d4bc39b1989"}
,"D:\\Projects\\Stock Trading Platform\\backend\\src\\middlewares\\validateTradePayload.js": {"path":"D:\\Projects\\Stock Trading Platform\\backend\\src\\middlewares\\validateTradePayload.js","statementMap":{"0":{"start":{"line":1,"column":14},"end":{"line":1,"column":28}},"1":{"start":{"line":3,"column":30},"end":{"line":21,"column":11}},"2":{"start":{"line":23,"column":31},"end":{"line":35,"column":11}},"3":{"start":{"line":37,"column":27},"end":{"line":40,"column":2}},"4":{"start":{"line":42,"column":13},"end":{"line":50,"column":4}},"5":{"start":{"line":43,"column":2},"end":{"line":50,"column":4}},"6":{"start":{"line":52,"column":29},"end":{"line":99,"column":1}},"7":{"start":{"line":53,"column":15},"end":{"line":53,"column":29}},"8":{"start":{"line":55,"column":17},"end":{"line":55,"column":51}},"9":{"start":{"line":56,"column":2},"end":{"line":66,"column":3}},"10":{"start":{"line":57,"column":4},"end":{"line":65,"column":6}},"11":{"start":{"line":61,"column":42},"end":{"line":64,"column":7}},"12":{"start":{"line":68,"column":18},"end":{"line":68,"column":29}},"13":{"start":{"line":69,"column":2},"end":{"line":86,"column":3}},"14":{"start":{"line":70,"column":4},"end":{"line":77,"column":5}},"15":{"start":{"line":71,"column":6},"end":{"line":76,"column":8}},"16":{"start":{"line":78,"column":4},"end":{"line":85,"column":5}},"17":{"start":{"line":79,"column":6},"end":{"line":84,"column":8}},"18":{"start":{"line":88,"column":2},"end":{"line":90,"column":3}},"19":{"start":{"line":89,"column":4},"end":{"line":89,"column":94}},"20":{"start":{"line":92,"column":2},"end":{"line":94,"column":3}},"21":{"start":{"line":93,"column":4},"end":{"line":93,"column":96}},"22":{"start":{"line":97,"column":2},"end":{"line":97,"column":31}},"23":{"start":{"line":98,"column":2},"end":{"line":98,"column":16}},"24":{"start":{"line":101,"column":0},"end":{"line":103,"column":2}}},"fnMap":{"0":{"name":"(anonymous_0)","decl":{"start":{"line":42,"column":13},"end":{"line":42,"column":14}},"loc":{"start":{"line":43,"column":2},"end":{"line":50,"column":4}},"line":43},"1":{"name":"(anonymous_1)","decl":{"start":{"line":52,"column":29},"end":{"line":52,"column":30}},"loc":{"start":{"line":52,"column":49},"end":{"line":99,"column":1}},"line":52},"2":{"name":"(anonymous_2)","decl":{"start":{"line":61,"column":30},"end":{"line":61,"column":31}},"loc":{"start":{"line":61,"column":42},"end":{"line":64,"column":7}},"line":61}},"branchMap":{"0":{"loc":{"start":{"line":53,"column":15},"end":{"line":53,"column":29}},"type":"binary-expr","locations":[{"start":{"line":53,"column":15},"end":{"line":53,"column":23}},{"start":{"line":53,"column":27},"end":{"line":53,"column":29}}],"line":53},"1":{"loc":{"start":{"line":56,"column":2},"end":{"line":66,"column":3}},"type":"if","locations":[{"start":{"line":56,"column":2},"end":{"line":66,"column":3}},{"start":{},"end":{}}],"line":56},"2":{"loc":{"start":{"line":69,"column":2},"end":{"line":86,"column":3}},"type":"if","locations":[{"start":{"line":69,"column":2},"end":{"line":86,"column":3}},{"start":{},"end":{}}],"line":69},"3":{"loc":{"start":{"line":70,"column":4},"end":{"line":77,"column":5}},"type":"if","locations":[{"start":{"line":70,"column":4},"end":{"line":77,"column":5}},{"start":{},"end":{}}],"line":70},"4":{"loc":{"start":{"line":78,"column":4},"end":{"line":85,"column":5}},"type":"if","locations":[{"start":{"line":78,"column":4},"end":{"line":85,"column":5}},{"start":{},"end":{}}],"line":78},"5":{"loc":{"start":{"line":88,"column":2},"end":{"line":90,"column":3}},"type":"if","locations":[{"start":{"line":88,"column":2},"end":{"line":90,"column":3}},{"start":{},"end":{}}],"line":88},"6":{"loc":{"start":{"line":88,"column":6},"end":{"line":88,"column":51}},"type":"binary-expr","locations":[{"start":{"line":88,"column":6},"end":{"line":88,"column":25}},{"start":{"line":88,"column":29},"end":{"line":88,"column":51}}],"line":88},"7":{"loc":{"start":{"line":92,"column":2},"end":{"line":94,"column":3}},"type":"if","locations":[{"start":{"line":92,"column":2},"end":{"line":94,"column":3}},{"start":{},"end":{}}],"line":92},"8":{"loc":{"start":{"line":92,"column":6},"end":{"line":92,"column":53}},"type":"binary-expr","locations":[{"start":{"line":92,"column":6},"end":{"line":92,"column":26}},{"start":{"line":92,"column":30},"end":{"line":92,"column":53}}],"line":92}},"s":{"0":1,"1":1,"2":1,"3":1,"4":1,"5":3,"6":1,"7":5,"8":5,"9":5,"10":3,"11":3,"12":2,"13":2,"14":1,"15":0,"16":1,"17":0,"18":2,"19":0,"20":2,"21":0,"22":2,"23":2,"24":1},"f":{"0":3,"1":5,"2":3},"b":{"0":[5,0],"1":[3,2],"2":[1,1],"3":[0,1],"4":[0,1],"5":[0,2],"6":[2,1],"7":[0,2],"8":[2,1]},"_coverageSchema":"1a1c01bbd47fc00a2c39e90264f33305004495a9","hash":"b0ff2322db336759b157a3209ae86cc2d09d9ead"}
,"D:\\Projects\\Stock Trading Platform\\backend\\src\\services\\behavior.engine.js": {"path":"D:\\Projects\\Stock Trading Platform\\backend\\src\\services\\behavior.engine.js","statementMap":{"0":{"start":{"line":5,"column":26},"end":{"line":5,"column":60}},"1":{"start":{"line":9,"column":4},"end":{"line":9,"column":46}},"2":{"start":{"line":11,"column":24},"end":{"line":131,"column":1}},"3":{"start":{"line":12,"column":14},"end":{"line":12,"column":36}},"4":{"start":{"line":13,"column":2},"end":{"line":21,"column":3}},"5":{"start":{"line":14,"column":4},"end":{"line":20,"column":6}},"6":{"start":{"line":24,"column":28},"end":{"line":24,"column":84}},"7":{"start":{"line":24,"column":53},"end":{"line":24,"column":83}},"8":{"start":{"line":25,"column":17},"end":{"line":25,"column":79}},"9":{"start":{"line":25,"column":55},"end":{"line":25,"column":78}},"10":{"start":{"line":27,"column":2},"end":{"line":35,"column":3}},"11":{"start":{"line":28,"column":5},"end":{"line":34,"column":7}},"12":{"start":{"line":37,"column":19},"end":{"line":37,"column":21}},"13":{"start":{"line":41,"column":21},"end":{"line":41,"column":22}},"14":{"start":{"line":42,"column":2},"end":{"line":51,"column":3}},"15":{"start":{"line":42,"column":15},"end":{"line":42,"column":16}},"16":{"start":{"line":43,"column":17},"end":{"line":43,"column":30}},"17":{"start":{"line":44,"column":17},"end":{"line":44,"column":26}},"18":{"start":{"line":45,"column":4},"end":{"line":50,"column":5}},"19":{"start":{"line":46,"column":25},"end":{"line":46,"column":71}},"20":{"start":{"line":47,"column":6},"end":{"line":49,"column":7}},"21":{"start":{"line":48,"column":8},"end":{"line":48,"column":23}},"22":{"start":{"line":52,"column":2},"end":{"line":58,"column":3}},"23":{"start":{"line":53,"column":4},"end":{"line":57,"column":7}},"24":{"start":{"line":62,"column":20},"end":{"line":62,"column":39}},"25":{"start":{"line":63,"column":19},"end":{"line":63,"column":53}},"26":{"start":{"line":64,"column":20},"end":{"line":64,"column":79}},"27":{"start":{"line":65,"column":23},"end":{"line":65,"column":48}},"28":{"start":{"line":66,"column":2},"end":{"line":72,"column":3}},"29":{"start":{"line":67,"column":4},"end":{"line":71,"column":7}},"30":{"start":{"line":76,"column":21},"end":{"line":79,"column":10}},"31":{"start":{"line":77,"column":4},"end":{"line":78,"column":63}},"32":{"start":{"line":80,"column":2},"end":{"line":86,"column":3}},"33":{"start":{"line":81,"column":4},"end":{"line":85,"column":7}},"34":{"start":{"line":90,"column":17},"end":{"line":90,"column":51}},"35":{"start":{"line":90,"column":36},"end":{"line":90,"column":50}},"36":{"start":{"line":91,"column":15},"end":{"line":91,"column":49}},"37":{"start":{"line":91,"column":34},"end":{"line":91,"column":48}},"38":{"start":{"line":92,"column":22},"end":{"line":92,"column":91}},"39":{"start":{"line":92,"column":48},"end":{"line":92,"column":64}},"40":{"start":{"line":93,"column":21},"end":{"line":93,"column":86}},"41":{"start":{"line":93,"column":45},"end":{"line":93,"column":61}},"42":{"start":{"line":94,"column":2},"end":{"line":100,"column":3}},"43":{"start":{"line":95,"column":4},"end":{"line":99,"column":7}},"44":{"start":{"line":104,"column":21},"end":{"line":104,"column":22}},"45":{"start":{"line":105,"column":24},"end":{"line":105,"column":33}},"46":{"start":{"line":106,"column":2},"end":{"line":114,"column":5}},"47":{"start":{"line":107,"column":4},"end":{"line":112,"column":5}},"48":{"start":{"line":108,"column":24},"end":{"line":108,"column":51}},"49":{"start":{"line":109,"column":7},"end":{"line":111,"column":8}},"50":{"start":{"line":110,"column":10},"end":{"line":110,"column":25}},"51":{"start":{"line":113,"column":4},"end":{"line":113,"column":45}},"52":{"start":{"line":115,"column":2},"end":{"line":117,"column":3}},"53":{"start":{"line":116,"column":4},"end":{"line":116,"column":108}},"54":{"start":{"line":121,"column":23},"end":{"line":121,"column":79}},"55":{"start":{"line":121,"column":51},"end":{"line":121,"column":75}},"56":{"start":{"line":122,"column":26},"end":{"line":122,"column":57}},"57":{"start":{"line":124,"column":2},"end":{"line":130,"column":4}},"58":{"start":{"line":128,"column":45},"end":{"line":128,"column":72}},"59":{"start":{"line":133,"column":0},"end":{"line":133,"column":37}}},"fnMap":{"0":{"name":"(anonymous_0)","decl":{"start":{"line":11,"column":24},"end":{"line":11,"column":25}},"loc":{"start":{"line":11,"column":42},"end":{"line":131,"column":1}},"line":11},"1":{"name":"(anonymous_1)","decl":{"start":{"line":24,"column":48},"end":{"line":24,"column":49}},"loc":{"start":{"line":24,"column":53},"end":{"line":24,"column":83}},"line":24},"2":{"name":"(anonymous_2)","decl":{"start":{"line":25,"column":45},"end":{"line":25,"column":46}},"loc":{"start":{"line":25,"column":55},"end":{"line":25,"column":78}},"line":25},"3":{"name":"(anonymous_3)","decl":{"start":{"line":76,"column":35},"end":{"line":76,"column":36}},"loc":{"start":{"line":77,"column":4},"end":{"line":78,"column":63}},"line":77},"4":{"name":"(anonymous_4)","decl":{"start":{"line":90,"column":31},"end":{"line":90,"column":32}},"loc":{"start":{"line":90,"column":36},"end":{"line":90,"column":50}},"line":90},"5":{"name":"(anonymous_5)","decl":{"start":{"line":91,"column":29},"end":{"line":91,"column":30}},"loc":{"start":{"line":91,"column":34},"end":{"line":91,"column":48}},"line":91},"6":{"name":"(anonymous_6)","decl":{"start":{"line":92,"column":36},"end":{"line":92,"column":37}},"loc":{"start":{"line":92,"column":48},"end":{"line":92,"column":64}},"line":92},"7":{"name":"(anonymous_7)","decl":{"start":{"line":93,"column":33},"end":{"line":93,"column":34}},"loc":{"start":{"line":93,"column":45},"end":{"line":93,"column":61}},"line":93},"8":{"name":"(anonymous_8)","decl":{"start":{"line":106,"column":17},"end":{"line":106,"column":18}},"loc":{"start":{"line":106,"column":22},"end":{"line":114,"column":3}},"line":106},"9":{"name":"(anonymous_9)","decl":{"start":{"line":121,"column":39},"end":{"line":121,"column":40}},"loc":{"start":{"line":121,"column":51},"end":{"line":121,"column":75}},"line":121},"10":{"name":"(anonymous_10)","decl":{"start":{"line":128,"column":35},"end":{"line":128,"column":36}},"loc":{"start":{"line":128,"column":45},"end":{"line":128,"column":72}},"line":128}},"branchMap":{"0":{"loc":{"start":{"line":13,"column":2},"end":{"line":21,"column":3}},"type":"if","locations":[{"start":{"line":13,"column":2},"end":{"line":21,"column":3}},{"start":{},"end":{}}],"line":13},"1":{"loc":{"start":{"line":13,"column":6},"end":{"line":13,"column":80}},"type":"binary-expr","locations":[{"start":{"line":13,"column":6},"end":{"line":13,"column":19}},{"start":{"line":13,"column":23},"end":{"line":13,"column":51}},{"start":{"line":13,"column":55},"end":{"line":13,"column":80}}],"line":13},"2":{"loc":{"start":{"line":24,"column":53},"end":{"line":24,"column":83}},"type":"binary-expr","locations":[{"start":{"line":24,"column":53},"end":{"line":24,"column":54}},{"start":{"line":24,"column":58},"end":{"line":24,"column":68}},{"start":{"line":24,"column":72},"end":{"line":24,"column":83}}],"line":24},"3":{"loc":{"start":{"line":27,"column":2},"end":{"line":35,"column":3}},"type":"if","locations":[{"start":{"line":27,"column":2},"end":{"line":35,"column":3}},{"start":{},"end":{}}],"line":27},"4":{"loc":{"start":{"line":45,"column":4},"end":{"line":50,"column":5}},"type":"if","locations":[{"start":{"line":45,"column":4},"end":{"line":50,"column":5}},{"start":{},"end":{}}],"line":45},"5":{"loc":{"start":{"line":47,"column":6},"end":{"line":49,"column":7}},"type":"if","locations":[{"start":{"line":47,"column":6},"end":{"line":49,"column":7}},{"start":{},"end":{}}],"line":47},"6":{"loc":{"start":{"line":47,"column":10},"end":{"line":47,"column":65}},"type":"binary-expr","locations":[{"start":{"line":47,"column":10},"end":{"line":47,"column":24}},{"start":{"line":47,"column":28},"end":{"line":47,"column":65}}],"line":47},"7":{"loc":{"start":{"line":52,"column":2},"end":{"line":58,"column":3}},"type":"if","locations":[{"start":{"line":52,"column":2},"end":{"line":58,"column":3}},{"start":{},"end":{}}],"line":52},"8":{"loc":{"start":{"line":66,"column":2},"end":{"line":72,"column":3}},"type":"if","locations":[{"start":{"line":66,"column":2},"end":{"line":72,"column":3}},{"start":{},"end":{}}],"line":66},"9":{"loc":{"start":{"line":77,"column":4},"end":{"line":78,"column":63}},"type":"binary-expr","locations":[{"start":{"line":77,"column":4},"end":{"line":77,"column":42}},{"start":{"line":78,"column":4},"end":{"line":78,"column":63}}],"line":77},"10":{"loc":{"start":{"line":80,"column":2},"end":{"line":86,"column":3}},"type":"if","locations":[{"start":{"line":80,"column":2},"end":{"line":86,"column":3}},{"start":{},"end":{}}],"line":80},"11":{"loc":{"start":{"line":92,"column":72},"end":{"line":92,"column":90}},"type":"binary-expr","locations":[{"start":{"line":92,"column":72},"end":{"line":92,"column":85}},{"start":{"line":92,"column":89},"end":{"line":92,"column":90}}],"line":92},"12":{"loc":{"start":{"line":93,"column":69},"end":{"line":93,"column":85}},"type":"binary-expr","locations":[{"start":{"line":93,"column":69},"end":{"line":93,"column":80}},{"start":{"line":93,"column":84},"end":{"line":93,"column":85}}],"line":93},"13":{"loc":{"start":{"line":94,"column":2},"end":{"line":100,"column":3}},"type":"if","locations":[{"start":{"line":94,"column":2},"end":{"line":100,"column":3}},{"start":{},"end":{}}],"line":94},"14":{"loc":{"start":{"line":94,"column":6},"end":{"line":94,"column":81}},"type":"binary-expr","locations":[{"start":{"line":94,"column":6},"end":{"line":94,"column":60}},{"start":{"line":94,"column":64},"end":{"line":94,"column":81}}],"line":94},"15":{"loc":{"start":{"line":107,"column":4},"end":{"line":112,"column":5}},"type":"if","locations":[{"start":{"line":107,"column":4},"end":{"line":112,"column":5}},{"start":{},"end":{}}],"line":107},"16":{"loc":{"start":{"line":109,"column":7},"end":{"line":111,"column":8}},"type":"if","locations":[{"start":{"line":109,"column":7},"end":{"line":111,"column":8}},{"start":{},"end":{}}],"line":109},"17":{"loc":{"start":{"line":115,"column":2},"end":{"line":117,"column":3}},"type":"if","locations":[{"start":{"line":115,"column":2},"end":{"line":117,"column":3}},{"start":{},"end":{}}],"line":115},"18":{"loc":{"start":{"line":128,"column":21},"end":{"line":128,"column":92}},"type":"binary-expr","locations":[{"start":{"line":128,"column":21},"end":{"line":128,"column":82}},{"start":{"line":128,"column":86},"end":{"line":128,"column":92}}],"line":128}},"s":{"0":5,"1":5,"2":5,"3":4,"4":4,"5":0,"6":4,"7":14,"8":4,"9":10,"10":4,"11":0,"12":4,"13":4,"14":4,"15":4,"16":10,"17":10,"18":10,"19":4,"20":4,"21":4,"22":4,"23":2,"24":4,"25":4,"26":4,"27":4,"28":4,"29":1,"30":4,"31":14,"32":4,"33":0,"34":4,"35":14,"36":4,"37":14,"38":4,"39":7,"40":4,"41":7,"42":4,"43":0,"44":4,"45":4,"46":4,"47":14,"48":2,"49":2,"50":2,"51":14,"52":4,"53":2,"54":4,"55":5,"56":4,"57":4,"58":1,"59":5},"f":{"0":4,"1":14,"2":10,"3":14,"4":14,"5":14,"6":7,"7":7,"8":14,"9":5,"10":1},"b":{"0":[0,4],"1":[4,4,4],"2":[14,14,14],"3":[0,4],"4":[4,6],"5":[4,0],"6":[4,4],"7":[2,2],"8":[1,3],"9":[14,14],"10":[0,4],"11":[4,0],"12":[4,0],"13":[0,4],"14":[4,0],"15":[2,12],"16":[2,0],"17":[2,2],"18":[4,0]},"_coverageSchema":"1a1c01bbd47fc00a2c39e90264f33305004495a9","hash":"ece7d326223ddf2550e1fc1b646b7d244062ba24"}
,"D:\\Projects\\Stock Trading Platform\\backend\\src\\services\\mistakeAnalysis.service.js": {"path":"D:\\Projects\\Stock Trading Platform\\backend\\src\\services\\mistakeAnalysis.service.js","statementMap":{"0":{"start":{"line":1,"column":26},"end":{"line":1,"column":60}},"1":{"start":{"line":2,"column":24},"end":{"line":2,"column":48}},"2":{"start":{"line":4,"column":33},"end":{"line":70,"column":1}},"3":{"start":{"line":14,"column":14},"end":{"line":14,"column":43}},"4":{"start":{"line":15,"column":18},"end":{"line":15,"column":19}},"5":{"start":{"line":16,"column":22},"end":{"line":16,"column":31}},"6":{"start":{"line":18,"column":22},"end":{"line":18,"column":61}},"7":{"start":{"line":19,"column":2},"end":{"line":28,"column":3}},"8":{"start":{"line":20,"column":4},"end":{"line":20,"column":38}},"9":{"start":{"line":21,"column":4},"end":{"line":21,"column":33}},"10":{"start":{"line":22,"column":9},"end":{"line":28,"column":3}},"11":{"start":{"line":23,"column":4},"end":{"line":23,"column":40}},"12":{"start":{"line":24,"column":4},"end":{"line":24,"column":33}},"13":{"start":{"line":25,"column":9},"end":{"line":28,"column":3}},"14":{"start":{"line":26,"column":4},"end":{"line":26,"column":37}},"15":{"start":{"line":27,"column":4},"end":{"line":27,"column":33}},"16":{"start":{"line":30,"column":2},"end":{"line":33,"column":3}},"17":{"start":{"line":31,"column":4},"end":{"line":31,"column":39}},"18":{"start":{"line":32,"column":4},"end":{"line":32,"column":36}},"19":{"start":{"line":35,"column":2},"end":{"line":46,"column":3}},"20":{"start":{"line":36,"column":15},"end":{"line":36,"column":76}},"21":{"start":{"line":37,"column":4},"end":{"line":45,"column":5}},"22":{"start":{"line":38,"column":6},"end":{"line":44,"column":7}},"23":{"start":{"line":39,"column":8},"end":{"line":39,"column":48}},"24":{"start":{"line":40,"column":8},"end":{"line":40,"column":35}},"25":{"start":{"line":41,"column":13},"end":{"line":44,"column":7}},"26":{"start":{"line":42,"column":8},"end":{"line":42,"column":47}},"27":{"start":{"line":43,"column":8},"end":{"line":43,"column":35}},"28":{"start":{"line":48,"column":2},"end":{"line":54,"column":3}},"29":{"start":{"line":49,"column":4},"end":{"line":49,"column":45}},"30":{"start":{"line":50,"column":4},"end":{"line":50,"column":35}},"31":{"start":{"line":51,"column":9},"end":{"line":54,"column":3}},"32":{"start":{"line":52,"column":4},"end":{"line":52,"column":47}},"33":{"start":{"line":53,"column":4},"end":{"line":53,"column":35}},"34":{"start":{"line":56,"column":2},"end":{"line":62,"column":3}},"35":{"start":{"line":57,"column":26},"end":{"line":57,"column":93}},"36":{"start":{"line":58,"column":4},"end":{"line":61,"column":5}},"37":{"start":{"line":59,"column":6},"end":{"line":59,"column":46}},"38":{"start":{"line":60,"column":6},"end":{"line":60,"column":41}},"39":{"start":{"line":64,"column":2},"end":{"line":64,"column":65}},"40":{"start":{"line":64,"column":36},"end":{"line":64,"column":65}},"41":{"start":{"line":66,"column":2},"end":{"line":69,"column":4}},"42":{"start":{"line":72,"column":0},"end":{"line":72,"column":42}}},"fnMap":{"0":{"name":"(anonymous_0)","decl":{"start":{"line":4,"column":33},"end":{"line":4,"column":34}},"loc":{"start":{"line":13,"column":6},"end":{"line":70,"column":1}},"line":13}},"branchMap":{"0":{"loc":{"start":{"line":19,"column":2},"end":{"line":28,"column":3}},"type":"if","locations":[{"start":{"line":19,"column":2},"end":{"line":28,"column":3}},{"start":{"line":22,"column":9},"end":{"line":28,"column":3}}],"line":19},"1":{"loc":{"start":{"line":22,"column":9},"end":{"line":28,"column":3}},"type":"if","locations":[{"start":{"line":22,"column":9},"end":{"line":28,"column":3}},{"start":{"line":25,"column":9},"end":{"line":28,"column":3}}],"line":22},"2":{"loc":{"start":{"line":25,"column":9},"end":{"line":28,"column":3}},"type":"if","locations":[{"start":{"line":25,"column":9},"end":{"line":28,"column":3}},{"start":{},"end":{}}],"line":25},"3":{"loc":{"start":{"line":30,"column":2},"end":{"line":33,"column":3}},"type":"if","locations":[{"start":{"line":30,"column":2},"end":{"line":33,"column":3}},{"start":{},"end":{}}],"line":30},"4":{"loc":{"start":{"line":35,"column":2},"end":{"line":46,"column":3}},"type":"if","locations":[{"start":{"line":35,"column":2},"end":{"line":46,"column":3}},{"start":{},"end":{}}],"line":35},"5":{"loc":{"start":{"line":35,"column":6},"end":{"line":35,"column":58}},"type":"binary-expr","locations":[{"start":{"line":35,"column":6},"end":{"line":35,"column":19}},{"start":{"line":35,"column":23},"end":{"line":35,"column":39}},{"start":{"line":35,"column":43},"end":{"line":35,"column":58}}],"line":35},"6":{"loc":{"start":{"line":37,"column":4},"end":{"line":45,"column":5}},"type":"if","locations":[{"start":{"line":37,"column":4},"end":{"line":45,"column":5}},{"start":{},"end":{}}],"line":37},"7":{"loc":{"start":{"line":38,"column":6},"end":{"line":44,"column":7}},"type":"if","locations":[{"start":{"line":38,"column":6},"end":{"line":44,"column":7}},{"start":{"line":41,"column":13},"end":{"line":44,"column":7}}],"line":38},"8":{"loc":{"start":{"line":41,"column":13},"end":{"line":44,"column":7}},"type":"if","locations":[{"start":{"line":41,"column":13},"end":{"line":44,"column":7}},{"start":{},"end":{}}],"line":41},"9":{"loc":{"start":{"line":48,"column":2},"end":{"line":54,"column":3}},"type":"if","locations":[{"start":{"line":48,"column":2},"end":{"line":54,"column":3}},{"start":{"line":51,"column":9},"end":{"line":54,"column":3}}],"line":48},"10":{"loc":{"start":{"line":51,"column":9},"end":{"line":54,"column":3}},"type":"if","locations":[{"start":{"line":51,"column":9},"end":{"line":54,"column":3}},{"start":{},"end":{}}],"line":51},"11":{"loc":{"start":{"line":56,"column":2},"end":{"line":62,"column":3}},"type":"if","locations":[{"start":{"line":56,"column":2},"end":{"line":62,"column":3}},{"start":{},"end":{}}],"line":56},"12":{"loc":{"start":{"line":56,"column":6},"end":{"line":56,"column":39}},"type":"binary-expr","locations":[{"start":{"line":56,"column":6},"end":{"line":56,"column":22}},{"start":{"line":56,"column":26},"end":{"line":56,"column":39}}],"line":56},"13":{"loc":{"start":{"line":58,"column":4},"end":{"line":61,"column":5}},"type":"if","locations":[{"start":{"line":58,"column":4},"end":{"line":61,"column":5}},{"start":{},"end":{}}],"line":58},"14":{"loc":{"start":{"line":64,"column":2},"end":{"line":64,"column":65}},"type":"if","locations":[{"start":{"line":64,"column":2},"end":{"line":64,"column":65}},{"start":{},"end":{}}],"line":64}},"s":{"0":4,"1":4,"2":4,"3":8,"4":8,"5":8,"6":8,"7":8,"8":2,"9":2,"10":6,"11":2,"12":2,"13":4,"14":1,"15":1,"16":8,"17":2,"18":2,"19":8,"20":6,"21":6,"22":6,"23":1,"24":1,"25":5,"26":0,"27":0,"28":8,"29":2,"30":2,"31":6,"32":0,"33":0,"34":8,"35":1,"36":1,"37":1,"38":1,"39":8,"40":1,"41":8,"42":4},"f":{"0":8},"b":{"0":[2,6],"1":[2,4],"2":[1,3],"3":[2,6],"4":[6,2],"5":[8,6,6],"6":[6,0],"7":[1,5],"8":[0,5],"9":[2,6],"10":[0,6],"11":[1,7],"12":[8,1],"13":[1,0],"14":[1,7]},"_coverageSchema":"1a1c01bbd47fc00a2c39e90264f33305004495a9","hash":"ab8980f2e41a6da6d62fa160836ffd99588f9042"}
,"D:\\Projects\\Stock Trading Platform\\backend\\src\\services\\risk.engine.js": {"path":"D:\\Projects\\Stock Trading Platform\\backend\\src\\services\\risk.engine.js","statementMap":{"0":{"start":{"line":1,"column":26},"end":{"line":1,"column":60}},"1":{"start":{"line":3,"column":15},"end":{"line":3,"column":39}},"2":{"start":{"line":4,"column":25},"end":{"line":4,"column":75}},"3":{"start":{"line":5,"column":23},"end":{"line":5,"column":71}},"4":{"start":{"line":7,"column":25},"end":{"line":11,"column":1}},"5":{"start":{"line":8,"column":2},"end":{"line":8,"column":73}},"6":{"start":{"line":8,"column":61},"end":{"line":8,"column":73}},"7":{"start":{"line":9,"column":17},"end":{"line":9,"column":30}},"8":{"start":{"line":10,"column":2},"end":{"line":10,"column":49}},"9":{"start":{"line":13,"column":19},"end":{"line":19,"column":1}},"10":{"start":{"line":14,"column":17},"end":{"line":14,"column":40}},"11":{"start":{"line":15,"column":2},"end":{"line":17,"column":3}},"12":{"start":{"line":16,"column":4},"end":{"line":16,"column":59}},"13":{"start":{"line":18,"column":2},"end":{"line":18,"column":28}},"14":{"start":{"line":21,"column":20},"end":{"line":31,"column":1}},"15":{"start":{"line":22,"column":16},"end":{"line":22,"column":44}},"16":{"start":{"line":23,"column":15},"end":{"line":23,"column":46}},"17":{"start":{"line":24,"column":17},"end":{"line":24,"column":51}},"18":{"start":{"line":26,"column":2},"end":{"line":26,"column":46}},"19":{"start":{"line":26,"column":34},"end":{"line":26,"column":46}},"20":{"start":{"line":27,"column":15},"end":{"line":27,"column":27}},"21":{"start":{"line":28,"column":17},"end":{"line":28,"column":31}},"22":{"start":{"line":29,"column":2},"end":{"line":29,"column":44}},"23":{"start":{"line":29,"column":32},"end":{"line":29,"column":44}},"24":{"start":{"line":30,"column":2},"end":{"line":30,"column":44}},"25":{"start":{"line":33,"column":21},"end":{"line":81,"column":1}},"26":{"start":{"line":40,"column":6},"end":{"line":40,"column":10}},"27":{"start":{"line":42,"column":27},"end":{"line":42,"column":55}},"28":{"start":{"line":43,"column":30},"end":{"line":43,"column":61}},"29":{"start":{"line":44,"column":33},"end":{"line":44,"column":67}},"30":{"start":{"line":46,"column":2},"end":{"line":48,"column":3}},"31":{"start":{"line":47,"column":4},"end":{"line":47,"column":67}},"32":{"start":{"line":50,"column":2},"end":{"line":52,"column":3}},"33":{"start":{"line":51,"column":4},"end":{"line":51,"column":88}},"34":{"start":{"line":54,"column":2},"end":{"line":56,"column":3}},"35":{"start":{"line":55,"column":4},"end":{"line":55,"column":68}},"36":{"start":{"line":58,"column":26},"end":{"line":58,"column":68}},"37":{"start":{"line":59,"column":29},"end":{"line":59,"column":77}},"38":{"start":{"line":60,"column":32},"end":{"line":60,"column":86}},"39":{"start":{"line":62,"column":2},"end":{"line":65,"column":3}},"40":{"start":{"line":63,"column":4},"end":{"line":63,"column":115}},"41":{"start":{"line":63,"column":50},"end":{"line":63,"column":115}},"42":{"start":{"line":64,"column":4},"end":{"line":64,"column":114}},"43":{"start":{"line":64,"column":47},"end":{"line":64,"column":114}},"44":{"start":{"line":67,"column":2},"end":{"line":70,"column":3}},"45":{"start":{"line":68,"column":4},"end":{"line":68,"column":115}},"46":{"start":{"line":68,"column":50},"end":{"line":68,"column":115}},"47":{"start":{"line":69,"column":4},"end":{"line":69,"column":114}},"48":{"start":{"line":69,"column":47},"end":{"line":69,"column":114}},"49":{"start":{"line":72,"column":13},"end":{"line":74,"column":77}},"50":{"start":{"line":76,"column":2},"end":{"line":78,"column":3}},"51":{"start":{"line":77,"column":4},"end":{"line":77,"column":65}},"52":{"start":{"line":80,"column":2},"end":{"line":80,"column":48}},"53":{"start":{"line":83,"column":21},"end":{"line":89,"column":1}},"54":{"start":{"line":84,"column":21},"end":{"line":84,"column":56}},"55":{"start":{"line":85,"column":2},"end":{"line":87,"column":3}},"56":{"start":{"line":86,"column":4},"end":{"line":86,"column":26}},"57":{"start":{"line":88,"column":2},"end":{"line":88,"column":63}},"58":{"start":{"line":91,"column":22},"end":{"line":94,"column":1}},"59":{"start":{"line":92,"column":2},"end":{"line":92,"column":55}},"60":{"start":{"line":92,"column":46},"end":{"line":92,"column":55}},"61":{"start":{"line":93,"column":2},"end":{"line":93,"column":64}},"62":{"start":{"line":96,"column":0},"end":{"line":103,"column":2}}},"fnMap":{"0":{"name":"(anonymous_0)","decl":{"start":{"line":7,"column":25},"end":{"line":7,"column":26}},"loc":{"start":{"line":7,"column":36},"end":{"line":11,"column":1}},"line":7},"1":{"name":"(anonymous_1)","decl":{"start":{"line":13,"column":19},"end":{"line":13,"column":20}},"loc":{"start":{"line":13,"column":41},"end":{"line":19,"column":1}},"line":13},"2":{"name":"(anonymous_2)","decl":{"start":{"line":21,"column":20},"end":{"line":21,"column":21}},"loc":{"start":{"line":21,"column":69},"end":{"line":31,"column":1}},"line":21},"3":{"name":"(anonymous_3)","decl":{"start":{"line":33,"column":21},"end":{"line":33,"column":22}},"loc":{"start":{"line":33,"column":36},"end":{"line":81,"column":1}},"line":33},"4":{"name":"(anonymous_4)","decl":{"start":{"line":83,"column":21},"end":{"line":83,"column":22}},"loc":{"start":{"line":83,"column":36},"end":{"line":89,"column":1}},"line":83},"5":{"name":"(anonymous_5)","decl":{"start":{"line":91,"column":22},"end":{"line":91,"column":23}},"loc":{"start":{"line":91,"column":52},"end":{"line":94,"column":1}},"line":91}},"branchMap":{"0":{"loc":{"start":{"line":8,"column":2},"end":{"line":8,"column":73}},"type":"if","locations":[{"start":{"line":8,"column":2},"end":{"line":8,"column":73}},{"start":{},"end":{}}],"line":8},"1":{"loc":{"start":{"line":8,"column":6},"end":{"line":8,"column":59}},"type":"binary-expr","locations":[{"start":{"line":8,"column":6},"end":{"line":8,"column":25}},{"start":{"line":8,"column":29},"end":{"line":8,"column":43}},{"start":{"line":8,"column":47},"end":{"line":8,"column":59}}],"line":8},"2":{"loc":{"start":{"line":10,"column":9},"end":{"line":10,"column":48}},"type":"cond-expr","locations":[{"start":{"line":10,"column":35},"end":{"line":10,"column":41}},{"start":{"line":10,"column":44},"end":{"line":10,"column":48}}],"line":10},"3":{"loc":{"start":{"line":15,"column":2},"end":{"line":17,"column":3}},"type":"if","locations":[{"start":{"line":15,"column":2},"end":{"line":17,"column":3}},{"start":{},"end":{}}],"line":15},"4":{"loc":{"start":{"line":26,"column":2},"end":{"line":26,"column":46}},"type":"if","locations":[{"start":{"line":26,"column":2},"end":{"line":26,"column":46}},{"start":{},"end":{}}],"line":26},"5":{"loc":{"start":{"line":26,"column":6},"end":{"line":26,"column":32}},"type":"binary-expr","locations":[{"start":{"line":26,"column":6},"end":{"line":26,"column":12}},{"start":{"line":26,"column":16},"end":{"line":26,"column":21}},{"start":{"line":26,"column":25},"end":{"line":26,"column":32}}],"line":26},"6":{"loc":{"start":{"line":29,"column":2},"end":{"line":29,"column":44}},"type":"if","locations":[{"start":{"line":29,"column":2},"end":{"line":29,"column":44}},{"start":{},"end":{}}],"line":29},"7":{"loc":{"start":{"line":29,"column":6},"end":{"line":29,"column":30}},"type":"binary-expr","locations":[{"start":{"line":29,"column":6},"end":{"line":29,"column":15}},{"start":{"line":29,"column":19},"end":{"line":29,"column":30}}],"line":29},"8":{"loc":{"start":{"line":33,"column":22},"end":{"line":33,"column":31}},"type":"default-arg","locations":[{"start":{"line":33,"column":29},"end":{"line":33,"column":31}}],"line":33},"9":{"loc":{"start":{"line":38,"column":4},"end":{"line":38,"column":18}},"type":"default-arg","locations":[{"start":{"line":38,"column":12},"end":{"line":38,"column":18}}],"line":38},"10":{"loc":{"start":{"line":39,"column":4},"end":{"line":39,"column":16}},"type":"default-arg","locations":[{"start":{"line":39,"column":11},"end":{"line":39,"column":16}}],"line":39},"11":{"loc":{"start":{"line":46,"column":2},"end":{"line":48,"column":3}},"type":"if","locations":[{"start":{"line":46,"column":2},"end":{"line":48,"column":3}},{"start":{},"end":{}}],"line":46},"12":{"loc":{"start":{"line":46,"column":6},"end":{"line":46,"column":39}},"type":"binary-expr","locations":[{"start":{"line":46,"column":6},"end":{"line":46,"column":20}},{"start":{"line":46,"column":24},"end":{"line":46,"column":39}}],"line":46},"13":{"loc":{"start":{"line":50,"column":2},"end":{"line":52,"column":3}},"type":"if","locations":[{"start":{"line":50,"column":2},"end":{"line":52,"column":3}},{"start":{},"end":{}}],"line":50},"14":{"loc":{"start":{"line":54,"column":2},"end":{"line":56,"column":3}},"type":"if","locations":[{"start":{"line":54,"column":2},"end":{"line":56,"column":3}},{"start":{},"end":{}}],"line":54},"15":{"loc":{"start":{"line":54,"column":6},"end":{"line":54,"column":69}},"type":"binary-expr","locations":[{"start":{"line":54,"column":6},"end":{"line":54,"column":34}},{"start":{"line":54,"column":38},"end":{"line":54,"column":69}}],"line":54},"16":{"loc":{"start":{"line":62,"column":2},"end":{"line":65,"column":3}},"type":"if","locations":[{"start":{"line":62,"column":2},"end":{"line":65,"column":3}},{"start":{},"end":{}}],"line":62},"17":{"loc":{"start":{"line":63,"column":4},"end":{"line":63,"column":115}},"type":"if","locations":[{"start":{"line":63,"column":4},"end":{"line":63,"column":115}},{"start":{},"end":{}}],"line":63},"18":{"loc":{"start":{"line":64,"column":4},"end":{"line":64,"column":114}},"type":"if","locations":[{"start":{"line":64,"column":4},"end":{"line":64,"column":114}},{"start":{},"end":{}}],"line":64},"19":{"loc":{"start":{"line":67,"column":2},"end":{"line":70,"column":3}},"type":"if","locations":[{"start":{"line":67,"column":2},"end":{"line":70,"column":3}},{"start":{},"end":{}}],"line":67},"20":{"loc":{"start":{"line":68,"column":4},"end":{"line":68,"column":115}},"type":"if","locations":[{"start":{"line":68,"column":4},"end":{"line":68,"column":115}},{"start":{},"end":{}}],"line":68},"21":{"loc":{"start":{"line":69,"column":4},"end":{"line":69,"column":114}},"type":"if","locations":[{"start":{"line":69,"column":4},"end":{"line":69,"column":114}},{"start":{},"end":{}}],"line":69},"22":{"loc":{"start":{"line":72,"column":13},"end":{"line":74,"column":77}},"type":"cond-expr","locations":[{"start":{"line":73,"column":6},"end":{"line":73,"column":77}},{"start":{"line":74,"column":6},"end":{"line":74,"column":77}}],"line":72},"23":{"loc":{"start":{"line":76,"column":2},"end":{"line":78,"column":3}},"type":"if","locations":[{"start":{"line":76,"column":2},"end":{"line":78,"column":3}},{"start":{},"end":{}}],"line":76},"24":{"loc":{"start":{"line":76,"column":6},"end":{"line":76,"column":47}},"type":"binary-expr","locations":[{"start":{"line":76,"column":6},"end":{"line":76,"column":9}},{"start":{"line":76,"column":13},"end":{"line":76,"column":33}},{"start":{"line":76,"column":37},"end":{"line":76,"column":47}}],"line":76},"25":{"loc":{"start":{"line":83,"column":22},"end":{"line":83,"column":31}},"type":"default-arg","locations":[{"start":{"line":83,"column":29},"end":{"line":83,"column":31}}],"line":83},"26":{"loc":{"start":{"line":85,"column":2},"end":{"line":87,"column":3}},"type":"if","locations":[{"start":{"line":85,"column":2},"end":{"line":87,"column":3}},{"start":{},"end":{}}],"line":85},"27":{"loc":{"start":{"line":85,"column":6},"end":{"line":85,"column":43}},"type":"binary-expr","locations":[{"start":{"line":85,"column":6},"end":{"line":85,"column":25}},{"start":{"line":85,"column":29},"end":{"line":85,"column":43}}],"line":85},"28":{"loc":{"start":{"line":88,"column":9},"end":{"line":88,"column":62}},"type":"cond-expr","locations":[{"start":{"line":88,"column":44},"end":{"line":88,"column":58}},{"start":{"line":88,"column":61},"end":{"line":88,"column":62}}],"line":88},"29":{"loc":{"start":{"line":92,"column":2},"end":{"line":92,"column":55}},"type":"if","locations":[{"start":{"line":92,"column":2},"end":{"line":92,"column":55}},{"start":{},"end":{}}],"line":92},"30":{"loc":{"start":{"line":92,"column":6},"end":{"line":92,"column":44}},"type":"binary-expr","locations":[{"start":{"line":92,"column":6},"end":{"line":92,"column":21}},{"start":{"line":92,"column":25},"end":{"line":92,"column":44}}],"line":92}},"s":{"0":7,"1":7,"2":7,"3":7,"4":7,"5":183,"6":3,"7":180,"8":180,"9":7,"10":54,"11":54,"12":0,"13":54,"14":7,"15":22,"16":22,"17":22,"18":22,"19":0,"20":22,"21":22,"22":22,"23":0,"24":22,"25":7,"26":21,"27":21,"28":21,"29":21,"30":21,"31":1,"32":20,"33":0,"34":20,"35":2,"36":18,"37":18,"38":18,"39":18,"40":15,"41":0,"42":15,"43":0,"44":18,"45":3,"46":1,"47":2,"48":2,"49":15,"50":15,"51":4,"52":11,"53":7,"54":6,"55":6,"56":0,"57":6,"58":7,"59":2,"60":1,"61":1,"62":7},"f":{"0":183,"1":54,"2":22,"3":21,"4":6,"5":2},"b":{"0":[3,180],"1":[183,183,180],"2":[180,0],"3":[0,54],"4":[0,22],"5":[22,22,22],"6":[0,22],"7":[22,22],"8":[0],"9":[15],"10":[0],"11":[1,20],"12":[21,4],"13":[0,20],"14":[2,18],"15":[20,18],"16":[15,3],"17":[0,15],"18":[0,15],"19":[3,15],"20":[1,2],"21":[2,0],"22":[15,0],"23":[4,11],"24":[15,15,15],"25":[0],"26":[0,6],"27":[6,6],"28":[2,4],"29":[1,1],"30":[2,1]},"_coverageSchema":"1a1c01bbd47fc00a2c39e90264f33305004495a9","hash":"dcd6adab40e738c1e6c0df4654e5fca1d90c6f00"}
}
