{"/home/runner/work/Market-Pulse/Market-Pulse/backend/src/engines/entry.engine.js": {"path":"/home/runner/work/Market-Pulse/Market-Pulse/backend/src/engines/entry.engine.js","statementMap":{"0":{"start":{"line":1,"column":39},"end":{"line":1,"column":73}},"1":{"start":{"line":2,"column":28},"end":{"line":2,"column":66}},"2":{"start":{"line":3,"column":26},"end":{"line":3,"column":60}},"3":{"start":{"line":7,"column":4},"end":{"line":7,"column":46}},"4":{"start":{"line":8,"column":35},"end":{"line":8,"column":77}},"5":{"start":{"line":10,"column":45},"end":{"line":15,"column":1}},"6":{"start":{"line":11,"column":2},"end":{"line":11,"column":40}},"7":{"start":{"line":11,"column":27},"end":{"line":11,"column":40}},"8":{"start":{"line":12,"column":2},"end":{"line":12,"column":43}},"9":{"start":{"line":12,"column":29},"end":{"line":12,"column":43}},"10":{"start":{"line":13,"column":2},"end":{"line":13,"column":42}},"11":{"start":{"line":13,"column":27},"end":{"line":13,"column":42}},"12":{"start":{"line":14,"column":2},"end":{"line":14,"column":87}},"13":{"start":{"line":17,"column":19},"end":{"line":17,"column":63}},"14":{"start":{"line":17,"column":26},"end":{"line":17,"column":63}},"15":{"start":{"line":19,"column":29},"end":{"line":22,"column":1}},"16":{"start":{"line":20,"column":12},"end":{"line":20,"column":67}},"17":{"start":{"line":21,"column":2},"end":{"line":21,"column":52}},"18":{"start":{"line":24,"column":30},"end":{"line":263,"column":1}},"19":{"start":{"line":25,"column":2},"end":{"line":27,"column":3}},"20":{"start":{"line":26,"column":4},"end":{"line":26,"column":50}},"21":{"start":{"line":29,"column":14},"end":{"line":29,"column":49}},"22":{"start":{"line":30,"column":15},"end":{"line":30,"column":38}},"23":{"start":{"line":31,"column":15},"end":{"line":31,"column":31}},"24":{"start":{"line":32,"column":24},"end":{"line":32,"column":49}},"25":{"start":{"line":33,"column":26},"end":{"line":33,"column":53}},"26":{"start":{"line":34,"column":15},"end":{"line":34,"column":33}},"27":{"start":{"line":35,"column":22},"end":{"line":35,"column":60}},"28":{"start":{"line":37,"column":24},"end":{"line":37,"column":89}},"29":{"start":{"line":38,"column":24},"end":{"line":38,"column":80}},"30":{"start":{"line":39,"column":26},"end":{"line":39,"column":84}},"31":{"start":{"line":40,"column":26},"end":{"line":42,"column":59}},"32":{"start":{"line":44,"column":18},"end":{"line":44,"column":20}},"33":{"start":{"line":45,"column":11},"end":{"line":45,"column":12}},"34":{"start":{"line":46,"column":23},"end":{"line":46,"column":64}},"35":{"start":{"line":48,"column":2},"end":{"line":61,"column":3}},"36":{"start":{"line":49,"column":4},"end":{"line":60,"column":6}},"37":{"start":{"line":63,"column":2},"end":{"line":85,"column":3}},"38":{"start":{"line":64,"column":4},"end":{"line":69,"column":7}},"39":{"start":{"line":71,"column":4},"end":{"line":83,"column":5}},"40":{"start":{"line":72,"column":6},"end":{"line":82,"column":8}},"41":{"start":{"line":84,"column":4},"end":{"line":84,"column":32}},"42":{"start":{"line":87,"column":13},"end":{"line":87,"column":25}},"43":{"start":{"line":89,"column":4},"end":{"line":93,"column":71}},"44":{"start":{"line":93,"column":52},"end":{"line":93,"column":70}},"45":{"start":{"line":99,"column":2},"end":{"line":187,"column":3}},"46":{"start":{"line":100,"column":4},"end":{"line":100,"column":38}},"47":{"start":{"line":101,"column":4},"end":{"line":101,"column":40}},"48":{"start":{"line":102,"column":4},"end":{"line":102,"column":44}},"49":{"start":{"line":104,"column":4},"end":{"line":115,"column":5}},"50":{"start":{"line":105,"column":23},"end":{"line":110,"column":8}},"51":{"start":{"line":111,"column":6},"end":{"line":111,"column":46}},"52":{"start":{"line":112,"column":6},"end":{"line":112,"column":55}},"53":{"start":{"line":112,"column":24},"end":{"line":112,"column":55}},"54":{"start":{"line":114,"column":6},"end":{"line":114,"column":22}},"55":{"start":{"line":117,"column":4},"end":{"line":125,"column":5}},"56":{"start":{"line":118,"column":6},"end":{"line":118,"column":70}},"57":{"start":{"line":119,"column":6},"end":{"line":119,"column":46}},"58":{"start":{"line":120,"column":11},"end":{"line":125,"column":5}},"59":{"start":{"line":121,"column":6},"end":{"line":121,"column":58}},"60":{"start":{"line":122,"column":6},"end":{"line":122,"column":45}},"61":{"start":{"line":124,"column":6},"end":{"line":124,"column":55}},"62":{"start":{"line":126,"column":4},"end":{"line":129,"column":5}},"63":{"start":{"line":127,"column":6},"end":{"line":127,"column":78}},"64":{"start":{"line":128,"column":6},"end":{"line":128,"column":41}},"65":{"start":{"line":131,"column":4},"end":{"line":131,"column":23}},"66":{"start":{"line":132,"column":4},"end":{"line":136,"column":5}},"67":{"start":{"line":133,"column":6},"end":{"line":133,"column":66}},"68":{"start":{"line":134,"column":11},"end":{"line":136,"column":5}},"69":{"start":{"line":135,"column":6},"end":{"line":135,"column":25}},"70":{"start":{"line":138,"column":4},"end":{"line":141,"column":5}},"71":{"start":{"line":139,"column":6},"end":{"line":139,"column":50}},"72":{"start":{"line":140,"column":6},"end":{"line":140,"column":43}},"73":{"start":{"line":142,"column":4},"end":{"line":145,"column":5}},"74":{"start":{"line":143,"column":6},"end":{"line":143,"column":50}},"75":{"start":{"line":144,"column":6},"end":{"line":144,"column":39}},"76":{"start":{"line":148,"column":4},"end":{"line":151,"column":5}},"77":{"start":{"line":149,"column":6},"end":{"line":149,"column":53}},"78":{"start":{"line":150,"column":6},"end":{"line":150,"column":33}},"79":{"start":{"line":152,"column":4},"end":{"line":155,"column":5}},"80":{"start":{"line":153,"column":6},"end":{"line":153,"column":53}},"81":{"start":{"line":154,"column":6},"end":{"line":154,"column":41}},"82":{"start":{"line":156,"column":4},"end":{"line":161,"column":5}},"83":{"start":{"line":158,"column":6},"end":{"line":158,"column":49}},"84":{"start":{"line":159,"column":6},"end":{"line":159,"column":53}},"85":{"start":{"line":160,"column":6},"end":{"line":160,"column":36}},"86":{"start":{"line":164,"column":4},"end":{"line":182,"column":5}},"87":{"start":{"line":165,"column":21},"end":{"line":165,"column":35}},"88":{"start":{"line":166,"column":20},"end":{"line":171,"column":49}},"89":{"start":{"line":172,"column":18},"end":{"line":172,"column":20}},"90":{"start":{"line":173,"column":6},"end":{"line":173,"column":51}},"91":{"start":{"line":173,"column":29},"end":{"line":173,"column":51}},"92":{"start":{"line":174,"column":27},"end":{"line":174,"column":69}},"93":{"start":{"line":175,"column":31},"end":{"line":175,"column":55}},"94":{"start":{"line":177,"column":8},"end":{"line":177,"column":61}},"95":{"start":{"line":178,"column":6},"end":{"line":181,"column":7}},"96":{"start":{"line":179,"column":8},"end":{"line":179,"column":55}},"97":{"start":{"line":180,"column":8},"end":{"line":180,"column":45}},"98":{"start":{"line":184,"column":4},"end":{"line":186,"column":5}},"99":{"start":{"line":185,"column":6},"end":{"line":185,"column":82}},"100":{"start":{"line":189,"column":20},"end":{"line":189,"column":50}},"101":{"start":{"line":190,"column":2},"end":{"line":216,"column":3}},"102":{"start":{"line":192,"column":6},"end":{"line":194,"column":76}},"103":{"start":{"line":196,"column":6},"end":{"line":196,"column":80}},"104":{"start":{"line":197,"column":4},"end":{"line":215,"column":6}},"105":{"start":{"line":219,"column":4},"end":{"line":221,"column":74}},"106":{"start":{"line":223,"column":20},"end":{"line":223,"column":94}},"107":{"start":{"line":224,"column":27},"end":{"line":224,"column":55}},"108":{"start":{"line":225,"column":25},"end":{"line":225,"column":68}},"109":{"start":{"line":227,"column":16},"end":{"line":227,"column":23}},"110":{"start":{"line":228,"column":2},"end":{"line":229,"column":68}},"111":{"start":{"line":228,"column":44},"end":{"line":228,"column":62}},"112":{"start":{"line":229,"column":7},"end":{"line":229,"column":68}},"113":{"start":{"line":229,"column":48},"end":{"line":229,"column":68}},"114":{"start":{"line":231,"column":2},"end":{"line":238,"column":3}},"115":{"start":{"line":236,"column":4},"end":{"line":236,"column":22}},"116":{"start":{"line":237,"column":4},"end":{"line":237,"column":88}},"117":{"start":{"line":237,"column":51},"end":{"line":237,"column":88}},"118":{"start":{"line":240,"column":2},"end":{"line":242,"column":3}},"119":{"start":{"line":241,"column":4},"end":{"line":241,"column":98}},"120":{"start":{"line":244,"column":2},"end":{"line":262,"column":4}},"121":{"start":{"line":265,"column":0},"end":{"line":268,"column":2}}},"fnMap":{"0":{"name":"(anonymous_0)","decl":{"start":{"line":10,"column":45},"end":{"line":10,"column":46}},"loc":{"start":{"line":10,"column":58},"end":{"line":15,"column":1}},"line":10},"1":{"name":"(anonymous_1)","decl":{"start":{"line":17,"column":19},"end":{"line":17,"column":20}},"loc":{"start":{"line":17,"column":26},"end":{"line":17,"column":63}},"line":17},"2":{"name":"(anonymous_2)","decl":{"start":{"line":19,"column":29},"end":{"line":19,"column":30}},"loc":{"start":{"line":19,"column":38},"end":{"line":22,"column":1}},"line":19},"3":{"name":"(anonymous_3)","decl":{"start":{"line":24,"column":30},"end":{"line":24,"column":31}},"loc":{"start":{"line":24,"column":46},"end":{"line":263,"column":1}},"line":24},"4":{"name":"(anonymous_4)","decl":{"start":{"line":93,"column":45},"end":{"line":93,"column":46}},"loc":{"start":{"line":93,"column":52},"end":{"line":93,"column":70}},"line":93}},"branchMap":{"0":{"loc":{"start":{"line":11,"column":2},"end":{"line":11,"column":40}},"type":"if","locations":[{"start":{"line":11,"column":2},"end":{"line":11,"column":40}},{"start":{},"end":{}}],"line":11},"1":{"loc":{"start":{"line":12,"column":2},"end":{"line":12,"column":43}},"type":"if","locations":[{"start":{"line":12,"column":2},"end":{"line":12,"column":43}},{"start":{},"end":{}}],"line":12},"2":{"loc":{"start":{"line":13,"column":2},"end":{"line":13,"column":42}},"type":"if","locations":[{"start":{"line":13,"column":2},"end":{"line":13,"column":42}},{"start":{},"end":{}}],"line":13},"3":{"loc":{"start":{"line":20,"column":12},"end":{"line":20,"column":67}},"type":"cond-expr","locations":[{"start":{"line":20,"column":38},"end":{"line":20,"column":62}},{"start":{"line":20,"column":65},"end":{"line":20,"column":67}}],"line":20},"4":{"loc":{"start":{"line":21,"column":9},"end":{"line":21,"column":51}},"type":"cond-expr","locations":[{"start":{"line":21,"column":28},"end":{"line":21,"column":38}},{"start":{"line":21,"column":41},"end":{"line":21,"column":51}}],"line":21},"5":{"loc":{"start":{"line":24,"column":31},"end":{"line":24,"column":41}},"type":"default-arg","locations":[{"start":{"line":24,"column":39},"end":{"line":24,"column":41}}],"line":24},"6":{"loc":{"start":{"line":25,"column":2},"end":{"line":27,"column":3}},"type":"if","locations":[{"start":{"line":25,"column":2},"end":{"line":27,"column":3}},{"start":{},"end":{}}],"line":25},"7":{"loc":{"start":{"line":25,"column":6},"end":{"line":25,"column":41}},"type":"binary-expr","locations":[{"start":{"line":25,"column":6},"end":{"line":25,"column":12}},{"start":{"line":25,"column":16},"end":{"line":25,"column":41}}],"line":25},"8":{"loc":{"start":{"line":30,"column":15},"end":{"line":30,"column":38}},"type":"binary-expr","locations":[{"start":{"line":30,"column":15},"end":{"line":30,"column":32}},{"start":{"line":30,"column":36},"end":{"line":30,"column":38}}],"line":30},"9":{"loc":{"start":{"line":31,"column":15},"end":{"line":31,"column":31}},"type":"binary-expr","locations":[{"start":{"line":31,"column":15},"end":{"line":31,"column":25}},{"start":{"line":31,"column":29},"end":{"line":31,"column":31}}],"line":31},"10":{"loc":{"start":{"line":32,"column":24},"end":{"line":32,"column":49}},"type":"binary-expr","locations":[{"start":{"line":32,"column":24},"end":{"line":32,"column":43}},{"start":{"line":32,"column":47},"end":{"line":32,"column":49}}],"line":32},"11":{"loc":{"start":{"line":33,"column":26},"end":{"line":33,"column":53}},"type":"binary-expr","locations":[{"start":{"line":33,"column":26},"end":{"line":33,"column":47}},{"start":{"line":33,"column":51},"end":{"line":33,"column":53}}],"line":33},"12":{"loc":{"start":{"line":34,"column":15},"end":{"line":34,"column":33}},"type":"binary-expr","locations":[{"start":{"line":34,"column":15},"end":{"line":34,"column":24}},{"start":{"line":34,"column":28},"end":{"line":34,"column":33}}],"line":34},"13":{"loc":{"start":{"line":37,"column":24},"end":{"line":37,"column":89}},"type":"cond-expr","locations":[{"start":{"line":37,"column":63},"end":{"line":37,"column":84}},{"start":{"line":37,"column":87},"end":{"line":37,"column":89}}],"line":37},"14":{"loc":{"start":{"line":40,"column":26},"end":{"line":42,"column":59}},"type":"cond-expr","locations":[{"start":{"line":41,"column":6},"end":{"line":41,"column":51}},{"start":{"line":42,"column":6},"end":{"line":42,"column":59}}],"line":40},"15":{"loc":{"start":{"line":48,"column":2},"end":{"line":61,"column":3}},"type":"if","locations":[{"start":{"line":48,"column":2},"end":{"line":61,"column":3}},{"start":{},"end":{}}],"line":48},"16":{"loc":{"start":{"line":63,"column":2},"end":{"line":85,"column":3}},"type":"if","locations":[{"start":{"line":63,"column":2},"end":{"line":85,"column":3}},{"start":{},"end":{}}],"line":63},"17":{"loc":{"start":{"line":71,"column":4},"end":{"line":83,"column":5}},"type":"if","locations":[{"start":{"line":71,"column":4},"end":{"line":83,"column":5}},{"start":{},"end":{}}],"line":71},"18":{"loc":{"start":{"line":84,"column":9},"end":{"line":84,"column":31}},"type":"binary-expr","locations":[{"start":{"line":84,"column":9},"end":{"line":84,"column":26}},{"start":{"line":84,"column":30},"end":{"line":84,"column":31}}],"line":84},"19":{"loc":{"start":{"line":89,"column":4},"end":{"line":93,"column":71}},"type":"binary-expr","locations":[{"start":{"line":89,"column":4},"end":{"line":89,"column":6}},{"start":{"line":90,"column":4},"end":{"line":90,"column":32}},{"start":{"line":91,"column":4},"end":{"line":91,"column":33}},{"start":{"line":92,"column":4},"end":{"line":92,"column":35}},{"start":{"line":93,"column":4},"end":{"line":93,"column":71}}],"line":89},"20":{"loc":{"start":{"line":99,"column":2},"end":{"line":187,"column":3}},"type":"if","locations":[{"start":{"line":99,"column":2},"end":{"line":187,"column":3}},{"start":{"line":103,"column":9},"end":{"line":187,"column":3}}],"line":99},"21":{"loc":{"start":{"line":104,"column":4},"end":{"line":115,"column":5}},"type":"if","locations":[{"start":{"line":104,"column":4},"end":{"line":115,"column":5}},{"start":{"line":113,"column":11},"end":{"line":115,"column":5}}],"line":104},"22":{"loc":{"start":{"line":112,"column":6},"end":{"line":112,"column":55}},"type":"if","locations":[{"start":{"line":112,"column":6},"end":{"line":112,"column":55}},{"start":{},"end":{}}],"line":112},"23":{"loc":{"start":{"line":117,"column":4},"end":{"line":125,"column":5}},"type":"if","locations":[{"start":{"line":117,"column":4},"end":{"line":125,"column":5}},{"start":{"line":120,"column":11},"end":{"line":125,"column":5}}],"line":117},"24":{"loc":{"start":{"line":118,"column":38},"end":{"line":118,"column":67}},"type":"binary-expr","locations":[{"start":{"line":118,"column":38},"end":{"line":118,"column":61}},{"start":{"line":118,"column":65},"end":{"line":118,"column":67}}],"line":118},"25":{"loc":{"start":{"line":120,"column":11},"end":{"line":125,"column":5}},"type":"if","locations":[{"start":{"line":120,"column":11},"end":{"line":125,"column":5}},{"start":{"line":123,"column":11},"end":{"line":125,"column":5}}],"line":120},"26":{"loc":{"start":{"line":121,"column":31},"end":{"line":121,"column":56}},"type":"binary-expr","locations":[{"start":{"line":121,"column":31},"end":{"line":121,"column":50}},{"start":{"line":121,"column":54},"end":{"line":121,"column":56}}],"line":121},"27":{"loc":{"start":{"line":124,"column":31},"end":{"line":124,"column":53}},"type":"binary-expr","locations":[{"start":{"line":124,"column":31},"end":{"line":124,"column":47}},{"start":{"line":124,"column":51},"end":{"line":124,"column":53}}],"line":124},"28":{"loc":{"start":{"line":126,"column":4},"end":{"line":129,"column":5}},"type":"if","locations":[{"start":{"line":126,"column":4},"end":{"line":129,"column":5}},{"start":{},"end":{}}],"line":126},"29":{"loc":{"start":{"line":127,"column":46},"end":{"line":127,"column":75}},"type":"binary-expr","locations":[{"start":{"line":127,"column":46},"end":{"line":127,"column":69}},{"start":{"line":127,"column":73},"end":{"line":127,"column":75}}],"line":127},"30":{"loc":{"start":{"line":132,"column":4},"end":{"line":136,"column":5}},"type":"if","locations":[{"start":{"line":132,"column":4},"end":{"line":136,"column":5}},{"start":{"line":134,"column":11},"end":{"line":136,"column":5}}],"line":132},"31":{"loc":{"start":{"line":132,"column":8},"end":{"line":132,"column":75}},"type":"binary-expr","locations":[{"start":{"line":132,"column":8},"end":{"line":132,"column":48}},{"start":{"line":132,"column":52},"end":{"line":132,"column":75}}],"line":132},"32":{"loc":{"start":{"line":134,"column":11},"end":{"line":136,"column":5}},"type":"if","locations":[{"start":{"line":134,"column":11},"end":{"line":136,"column":5}},{"start":{},"end":{}}],"line":134},"33":{"loc":{"start":{"line":138,"column":4},"end":{"line":141,"column":5}},"type":"if","locations":[{"start":{"line":138,"column":4},"end":{"line":141,"column":5}},{"start":{},"end":{}}],"line":138},"34":{"loc":{"start":{"line":142,"column":4},"end":{"line":145,"column":5}},"type":"if","locations":[{"start":{"line":142,"column":4},"end":{"line":145,"column":5}},{"start":{},"end":{}}],"line":142},"35":{"loc":{"start":{"line":148,"column":4},"end":{"line":151,"column":5}},"type":"if","locations":[{"start":{"line":148,"column":4},"end":{"line":151,"column":5}},{"start":{},"end":{}}],"line":148},"36":{"loc":{"start":{"line":152,"column":4},"end":{"line":155,"column":5}},"type":"if","locations":[{"start":{"line":152,"column":4},"end":{"line":155,"column":5}},{"start":{},"end":{}}],"line":152},"37":{"loc":{"start":{"line":156,"column":4},"end":{"line":161,"column":5}},"type":"if","locations":[{"start":{"line":156,"column":4},"end":{"line":161,"column":5}},{"start":{},"end":{}}],"line":156},"38":{"loc":{"start":{"line":164,"column":4},"end":{"line":182,"column":5}},"type":"if","locations":[{"start":{"line":164,"column":4},"end":{"line":182,"column":5}},{"start":{},"end":{}}],"line":164},"39":{"loc":{"start":{"line":164,"column":8},"end":{"line":164,"column":53}},"type":"binary-expr","locations":[{"start":{"line":164,"column":8},"end":{"line":164,"column":34}},{"start":{"line":164,"column":38},"end":{"line":164,"column":53}}],"line":164},"40":{"loc":{"start":{"line":177,"column":28},"end":{"line":177,"column":60}},"type":"binary-expr","locations":[{"start":{"line":177,"column":28},"end":{"line":177,"column":54}},{"start":{"line":177,"column":58},"end":{"line":177,"column":60}}],"line":177},"41":{"loc":{"start":{"line":178,"column":6},"end":{"line":181,"column":7}},"type":"if","locations":[{"start":{"line":178,"column":6},"end":{"line":181,"column":7}},{"start":{},"end":{}}],"line":178},"42":{"loc":{"start":{"line":178,"column":10},"end":{"line":178,"column":74}},"type":"binary-expr","locations":[{"start":{"line":178,"column":10},"end":{"line":178,"column":39}},{"start":{"line":178,"column":43},"end":{"line":178,"column":74}}],"line":178},"43":{"loc":{"start":{"line":184,"column":4},"end":{"line":186,"column":5}},"type":"if","locations":[{"start":{"line":184,"column":4},"end":{"line":186,"column":5}},{"start":{},"end":{}}],"line":184},"44":{"loc":{"start":{"line":184,"column":8},"end":{"line":184,"column":100}},"type":"binary-expr","locations":[{"start":{"line":184,"column":8},"end":{"line":184,"column":54}},{"start":{"line":184,"column":58},"end":{"line":184,"column":100}}],"line":184},"45":{"loc":{"start":{"line":185,"column":46},"end":{"line":185,"column":80}},"type":"binary-expr","locations":[{"start":{"line":185,"column":46},"end":{"line":185,"column":74}},{"start":{"line":185,"column":78},"end":{"line":185,"column":80}}],"line":185},"46":{"loc":{"start":{"line":189,"column":20},"end":{"line":189,"column":50}},"type":"binary-expr","locations":[{"start":{"line":189,"column":20},"end":{"line":189,"column":44}},{"start":{"line":189,"column":48},"end":{"line":189,"column":50}}],"line":189},"47":{"loc":{"start":{"line":190,"column":2},"end":{"line":216,"column":3}},"type":"if","locations":[{"start":{"line":190,"column":2},"end":{"line":216,"column":3}},{"start":{},"end":{}}],"line":190},"48":{"loc":{"start":{"line":192,"column":6},"end":{"line":194,"column":76}},"type":"cond-expr","locations":[{"start":{"line":193,"column":10},"end":{"line":193,"column":76}},{"start":{"line":194,"column":10},"end":{"line":194,"column":76}}],"line":192},"49":{"loc":{"start":{"line":193,"column":10},"end":{"line":193,"column":76}},"type":"binary-expr","locations":[{"start":{"line":193,"column":10},"end":{"line":193,"column":30}},{"start":{"line":193,"column":34},"end":{"line":193,"column":76}}],"line":193},"50":{"loc":{"start":{"line":194,"column":10},"end":{"line":194,"column":76}},"type":"binary-expr","locations":[{"start":{"line":194,"column":10},"end":{"line":194,"column":30}},{"start":{"line":194,"column":34},"end":{"line":194,"column":76}}],"line":194},"51":{"loc":{"start":{"line":219,"column":4},"end":{"line":221,"column":74}},"type":"cond-expr","locations":[{"start":{"line":220,"column":8},"end":{"line":220,"column":74}},{"start":{"line":221,"column":8},"end":{"line":221,"column":74}}],"line":219},"52":{"loc":{"start":{"line":220,"column":8},"end":{"line":220,"column":74}},"type":"binary-expr","locations":[{"start":{"line":220,"column":8},"end":{"line":220,"column":28}},{"start":{"line":220,"column":32},"end":{"line":220,"column":74}}],"line":220},"53":{"loc":{"start":{"line":221,"column":8},"end":{"line":221,"column":74}},"type":"binary-expr","locations":[{"start":{"line":221,"column":8},"end":{"line":221,"column":28}},{"start":{"line":221,"column":32},"end":{"line":221,"column":74}}],"line":221},"54":{"loc":{"start":{"line":228,"column":2},"end":{"line":229,"column":68}},"type":"if","locations":[{"start":{"line":228,"column":2},"end":{"line":229,"column":68}},{"start":{"line":229,"column":7},"end":{"line":229,"column":68}}],"line":228},"55":{"loc":{"start":{"line":229,"column":7},"end":{"line":229,"column":68}},"type":"if","locations":[{"start":{"line":229,"column":7},"end":{"line":229,"column":68}},{"start":{},"end":{}}],"line":229},"56":{"loc":{"start":{"line":231,"column":2},"end":{"line":238,"column":3}},"type":"if","locations":[{"start":{"line":231,"column":2},"end":{"line":238,"column":3}},{"start":{},"end":{}}],"line":231},"57":{"loc":{"start":{"line":232,"column":4},"end":{"line":234,"column":46}},"type":"binary-expr","locations":[{"start":{"line":232,"column":4},"end":{"line":232,"column":22}},{"start":{"line":233,"column":4},"end":{"line":233,"column":50}},{"start":{"line":234,"column":4},"end":{"line":234,"column":46}}],"line":232},"58":{"loc":{"start":{"line":237,"column":4},"end":{"line":237,"column":88}},"type":"if","locations":[{"start":{"line":237,"column":4},"end":{"line":237,"column":88}},{"start":{},"end":{}}],"line":237},"59":{"loc":{"start":{"line":240,"column":2},"end":{"line":242,"column":3}},"type":"if","locations":[{"start":{"line":240,"column":2},"end":{"line":242,"column":3}},{"start":{},"end":{}}],"line":240},"60":{"loc":{"start":{"line":240,"column":6},"end":{"line":240,"column":62}},"type":"binary-expr","locations":[{"start":{"line":240,"column":6},"end":{"line":240,"column":25}},{"start":{"line":240,"column":29},"end":{"line":240,"column":62}}],"line":240}},"s":{"0":6,"1":6,"2":6,"3":6,"4":6,"5":6,"6":3,"7":1,"8":2,"9":0,"10":2,"11":1,"12":1,"13":6,"14":58,"15":6,"16":23,"17":23,"18":6,"19":24,"20":1,"21":23,"22":23,"23":23,"24":23,"25":23,"26":23,"27":23,"28":23,"29":23,"30":23,"31":23,"32":23,"33":23,"34":23,"35":23,"36":1,"37":22,"38":19,"39":19,"40":2,"41":17,"42":20,"43":20,"44":39,"45":20,"46":13,"47":13,"48":13,"49":7,"50":4,"51":4,"52":4,"53":0,"54":3,"55":7,"56":1,"57":1,"58":6,"59":3,"60":3,"61":3,"62":7,"63":1,"64":1,"65":7,"66":7,"67":2,"68":5,"69":1,"70":7,"71":3,"72":3,"73":7,"74":1,"75":1,"76":7,"77":1,"78":1,"79":7,"80":1,"81":1,"82":7,"83":1,"84":1,"85":1,"86":7,"87":1,"88":1,"89":1,"90":1,"91":3,"92":1,"93":1,"94":1,"95":1,"96":1,"97":1,"98":7,"99":3,"100":20,"101":20,"102":4,"103":4,"104":4,"105":16,"106":16,"107":16,"108":16,"109":16,"110":16,"111":1,"112":15,"113":0,"114":16,"115":1,"116":1,"117":0,"118":16,"119":1,"120":15,"121":6},"f":{"0":3,"1":58,"2":23,"3":24,"4":39},"b":{"0":[1,2],"1":[0,2],"2":[1,1],"3":[15,8],"4":[2,21],"5":[0],"6":[1,23],"7":[24,23],"8":[23,0],"9":[23,0],"10":[23,0],"11":[23,0],"12":[23,0],"13":[23,0],"14":[6,17],"15":[1,22],"16":[19,3],"17":[2,17],"18":[17,0],"19":[20,13,13,13,13],"20":[13,7],"21":[4,3],"22":[0,4],"23":[1,6],"24":[1,0],"25":[3,3],"26":[3,0],"27":[3,0],"28":[1,6],"29":[1,0],"30":[2,5],"31":[7,2],"32":[1,4],"33":[3,4],"34":[1,6],"35":[1,6],"36":[1,6],"37":[1,6],"38":[1,6],"39":[7,1],"40":[1,1],"41":[1,0],"42":[1,1],"43":[3,4],"44":[7,3],"45":[3,0],"46":[20,0],"47":[4,16],"48":[1,3],"49":[1,0],"50":[3,0],"51":[1,15],"52":[1,0],"53":[15,0],"54":[1,15],"55":[0,15],"56":[1,15],"57":[16,4,1],"58":[0,1],"59":[1,15],"60":[16,15]},"_coverageSchema":"1a1c01bbd47fc00a2c39e90264f33305004495a9","hash":"ab8cd84334a40104bb58a1e4f0ddc9dedbcf4a5b"}
,"/home/runner/work/Market-Pulse/Market-Pulse/backend/src/engines/exit.engine.js": {"path":"/home/runner/work/Market-Pulse/Market-Pulse/backend/src/engines/exit.engine.js","statementMap":{"0":{"start":{"line":1,"column":32},"end":{"line":1,"column":93}},"1":{"start":{"line":19,"column":21},"end":{"line":115,"column":1}},"2":{"start":{"line":20,"column":2},"end":{"line":22,"column":3}},"3":{"start":{"line":21,"column":4},"end":{"line":21,"column":42}},"4":{"start":{"line":24,"column":20},"end":{"line":24,"column":41}},"5":{"start":{"line":25,"column":26},"end":{"line":25,"column":59}},"6":{"start":{"line":26,"column":25},"end":{"line":26,"column":53}},"7":{"start":{"line":28,"column":2},"end":{"line":30,"column":3}},"8":{"start":{"line":29,"column":4},"end":{"line":29,"column":74}},"9":{"start":{"line":32,"column":24},"end":{"line":32,"column":60}},"10":{"start":{"line":33,"column":27},"end":{"line":33,"column":66}},"11":{"start":{"line":34,"column":19},"end":{"line":34,"column":51}},"12":{"start":{"line":35,"column":17},"end":{"line":35,"column":49}},"13":{"start":{"line":41,"column":20},"end":{"line":41,"column":68}},"14":{"start":{"line":42,"column":19},"end":{"line":42,"column":65}},"15":{"start":{"line":44,"column":4},"end":{"line":44,"column":79}},"16":{"start":{"line":46,"column":4},"end":{"line":49,"column":55}},"17":{"start":{"line":51,"column":17},"end":{"line":51,"column":25}},"18":{"start":{"line":52,"column":23},"end":{"line":52,"column":26}},"19":{"start":{"line":53,"column":16},"end":{"line":53,"column":18}},"20":{"start":{"line":55,"column":2},"end":{"line":106,"column":3}},"21":{"start":{"line":56,"column":4},"end":{"line":56,"column":31}},"22":{"start":{"line":57,"column":4},"end":{"line":57,"column":25}},"23":{"start":{"line":58,"column":4},"end":{"line":58,"column":30}},"24":{"start":{"line":59,"column":9},"end":{"line":106,"column":3}},"25":{"start":{"line":61,"column":4},"end":{"line":61,"column":23}},"26":{"start":{"line":65,"column":4},"end":{"line":71,"column":5}},"27":{"start":{"line":66,"column":23},"end":{"line":66,"column":64}},"28":{"start":{"line":67,"column":25},"end":{"line":67,"column":67}},"29":{"start":{"line":68,"column":6},"end":{"line":68,"column":117}},"30":{"start":{"line":70,"column":6},"end":{"line":70,"column":26}},"31":{"start":{"line":72,"column":4},"end":{"line":72,"column":29}},"32":{"start":{"line":73,"column":4},"end":{"line":73,"column":50}},"33":{"start":{"line":73,"column":18},"end":{"line":73,"column":50}},"34":{"start":{"line":74,"column":4},"end":{"line":74,"column":40}},"35":{"start":{"line":74,"column":16},"end":{"line":74,"column":40}},"36":{"start":{"line":75,"column":9},"end":{"line":106,"column":3}},"37":{"start":{"line":76,"column":4},"end":{"line":76,"column":27}},"38":{"start":{"line":77,"column":26},"end":{"line":77,"column":70}},"39":{"start":{"line":78,"column":22},"end":{"line":78,"column":65}},"40":{"start":{"line":79,"column":27},"end":{"line":79,"column":89}},"41":{"start":{"line":80,"column":4},"end":{"line":80,"column":75}},"42":{"start":{"line":81,"column":4},"end":{"line":81,"column":27}},"43":{"start":{"line":82,"column":9},"end":{"line":106,"column":3}},"44":{"start":{"line":83,"column":4},"end":{"line":83,"column":24}},"45":{"start":{"line":84,"column":4},"end":{"line":84,"column":25}},"46":{"start":{"line":85,"column":4},"end":{"line":85,"column":29}},"47":{"start":{"line":86,"column":9},"end":{"line":106,"column":3}},"48":{"start":{"line":87,"column":4},"end":{"line":87,"column":28}},"49":{"start":{"line":88,"column":22},"end":{"line":88,"column":56}},"50":{"start":{"line":89,"column":19},"end":{"line":89,"column":51}},"51":{"start":{"line":90,"column":4},"end":{"line":90,"column":93}},"52":{"start":{"line":91,"column":4},"end":{"line":91,"column":36}},"53":{"start":{"line":92,"column":9},"end":{"line":106,"column":3}},"54":{"start":{"line":93,"column":4},"end":{"line":93,"column":28}},"55":{"start":{"line":94,"column":29},"end":{"line":94,"column":69}},"56":{"start":{"line":95,"column":21},"end":{"line":95,"column":62}},"57":{"start":{"line":96,"column":18},"end":{"line":96,"column":64}},"58":{"start":{"line":97,"column":4},"end":{"line":97,"column":79}},"59":{"start":{"line":98,"column":4},"end":{"line":98,"column":28}},"60":{"start":{"line":99,"column":9},"end":{"line":106,"column":3}},"61":{"start":{"line":100,"column":4},"end":{"line":100,"column":27}},"62":{"start":{"line":101,"column":31},"end":{"line":101,"column":71}},"63":{"start":{"line":102,"column":21},"end":{"line":102,"column":62}},"64":{"start":{"line":103,"column":30},"end":{"line":103,"column":91}},"65":{"start":{"line":104,"column":4},"end":{"line":104,"column":76}},"66":{"start":{"line":105,"column":4},"end":{"line":105,"column":33}},"67":{"start":{"line":108,"column":2},"end":{"line":114,"column":4}},"68":{"start":{"line":117,"column":0},"end":{"line":117,"column":34}}},"fnMap":{"0":{"name":"(anonymous_0)","decl":{"start":{"line":19,"column":21},"end":{"line":19,"column":22}},"loc":{"start":{"line":19,"column":37},"end":{"line":115,"column":1}},"line":19}},"branchMap":{"0":{"loc":{"start":{"line":1,"column":39},"end":{"line":1,"column":92}},"type":"binary-expr","locations":[{"start":{"line":1,"column":39},"end":{"line":1,"column":74}},{"start":{"line":1,"column":78},"end":{"line":1,"column":92}}],"line":1},"1":{"loc":{"start":{"line":19,"column":22},"end":{"line":19,"column":32}},"type":"default-arg","locations":[{"start":{"line":19,"column":30},"end":{"line":19,"column":32}}],"line":19},"2":{"loc":{"start":{"line":20,"column":2},"end":{"line":22,"column":3}},"type":"if","locations":[{"start":{"line":20,"column":2},"end":{"line":22,"column":3}},{"start":{},"end":{}}],"line":20},"3":{"loc":{"start":{"line":20,"column":6},"end":{"line":20,"column":41}},"type":"binary-expr","locations":[{"start":{"line":20,"column":6},"end":{"line":20,"column":12}},{"start":{"line":20,"column":16},"end":{"line":20,"column":41}}],"line":20},"4":{"loc":{"start":{"line":24,"column":20},"end":{"line":24,"column":41}},"type":"binary-expr","locations":[{"start":{"line":24,"column":20},"end":{"line":24,"column":35}},{"start":{"line":24,"column":39},"end":{"line":24,"column":41}}],"line":24},"5":{"loc":{"start":{"line":28,"column":2},"end":{"line":30,"column":3}},"type":"if","locations":[{"start":{"line":28,"column":2},"end":{"line":30,"column":3}},{"start":{},"end":{}}],"line":28},"6":{"loc":{"start":{"line":28,"column":6},"end":{"line":28,"column":75}},"type":"binary-expr","locations":[{"start":{"line":28,"column":6},"end":{"line":28,"column":39}},{"start":{"line":28,"column":43},"end":{"line":28,"column":75}}],"line":28},"7":{"loc":{"start":{"line":32,"column":31},"end":{"line":32,"column":59}},"type":"binary-expr","locations":[{"start":{"line":32,"column":31},"end":{"line":32,"column":54}},{"start":{"line":32,"column":58},"end":{"line":32,"column":59}}],"line":32},"8":{"loc":{"start":{"line":33,"column":34},"end":{"line":33,"column":65}},"type":"binary-expr","locations":[{"start":{"line":33,"column":34},"end":{"line":33,"column":60}},{"start":{"line":33,"column":64},"end":{"line":33,"column":65}}],"line":33},"9":{"loc":{"start":{"line":41,"column":20},"end":{"line":41,"column":68}},"type":"cond-expr","locations":[{"start":{"line":41,"column":38},"end":{"line":41,"column":61}},{"start":{"line":41,"column":64},"end":{"line":41,"column":68}}],"line":41},"10":{"loc":{"start":{"line":42,"column":19},"end":{"line":42,"column":65}},"type":"cond-expr","locations":[{"start":{"line":42,"column":36},"end":{"line":42,"column":58}},{"start":{"line":42,"column":61},"end":{"line":42,"column":65}}],"line":42},"11":{"loc":{"start":{"line":44,"column":4},"end":{"line":44,"column":79}},"type":"cond-expr","locations":[{"start":{"line":44,"column":52},"end":{"line":44,"column":72}},{"start":{"line":44,"column":75},"end":{"line":44,"column":79}}],"line":44},"12":{"loc":{"start":{"line":44,"column":4},"end":{"line":44,"column":49}},"type":"binary-expr","locations":[{"start":{"line":44,"column":4},"end":{"line":44,"column":13}},{"start":{"line":44,"column":17},"end":{"line":44,"column":25}},{"start":{"line":44,"column":29},"end":{"line":44,"column":49}}],"line":44},"13":{"loc":{"start":{"line":46,"column":4},"end":{"line":49,"column":55}},"type":"binary-expr","locations":[{"start":{"line":46,"column":4},"end":{"line":46,"column":27}},{"start":{"line":47,"column":4},"end":{"line":47,"column":44}},{"start":{"line":49,"column":4},"end":{"line":49,"column":55}}],"line":46},"14":{"loc":{"start":{"line":49,"column":6},"end":{"line":49,"column":54}},"type":"binary-expr","locations":[{"start":{"line":49,"column":6},"end":{"line":49,"column":19}},{"start":{"line":49,"column":23},"end":{"line":49,"column":54}}],"line":49},"15":{"loc":{"start":{"line":55,"column":2},"end":{"line":106,"column":3}},"type":"if","locations":[{"start":{"line":55,"column":2},"end":{"line":106,"column":3}},{"start":{"line":59,"column":9},"end":{"line":106,"column":3}}],"line":55},"16":{"loc":{"start":{"line":55,"column":6},"end":{"line":55,"column":55}},"type":"binary-expr","locations":[{"start":{"line":55,"column":6},"end":{"line":55,"column":19}},{"start":{"line":55,"column":23},"end":{"line":55,"column":55}}],"line":55},"17":{"loc":{"start":{"line":59,"column":9},"end":{"line":106,"column":3}},"type":"if","locations":[{"start":{"line":59,"column":9},"end":{"line":106,"column":3}},{"start":{"line":75,"column":9},"end":{"line":106,"column":3}}],"line":59},"18":{"loc":{"start":{"line":65,"column":4},"end":{"line":71,"column":5}},"type":"if","locations":[{"start":{"line":65,"column":4},"end":{"line":71,"column":5}},{"start":{"line":69,"column":11},"end":{"line":71,"column":5}}],"line":65},"19":{"loc":{"start":{"line":68,"column":23},"end":{"line":68,"column":116}},"type":"cond-expr","locations":[{"start":{"line":68,"column":38},"end":{"line":68,"column":111}},{"start":{"line":68,"column":114},"end":{"line":68,"column":116}}],"line":68},"20":{"loc":{"start":{"line":73,"column":4},"end":{"line":73,"column":50}},"type":"if","locations":[{"start":{"line":73,"column":4},"end":{"line":73,"column":50}},{"start":{},"end":{}}],"line":73},"21":{"loc":{"start":{"line":74,"column":4},"end":{"line":74,"column":40}},"type":"if","locations":[{"start":{"line":74,"column":4},"end":{"line":74,"column":40}},{"start":{},"end":{}}],"line":74},"22":{"loc":{"start":{"line":75,"column":9},"end":{"line":106,"column":3}},"type":"if","locations":[{"start":{"line":75,"column":9},"end":{"line":106,"column":3}},{"start":{"line":82,"column":9},"end":{"line":106,"column":3}}],"line":75},"23":{"loc":{"start":{"line":75,"column":13},"end":{"line":75,"column":78}},"type":"binary-expr","locations":[{"start":{"line":75,"column":13},"end":{"line":75,"column":21}},{"start":{"line":75,"column":25},"end":{"line":75,"column":41}},{"start":{"line":75,"column":45},"end":{"line":75,"column":78}}],"line":75},"24":{"loc":{"start":{"line":79,"column":27},"end":{"line":79,"column":89}},"type":"cond-expr","locations":[{"start":{"line":79,"column":47},"end":{"line":79,"column":85}},{"start":{"line":79,"column":88},"end":{"line":79,"column":89}}],"line":79},"25":{"loc":{"start":{"line":82,"column":9},"end":{"line":106,"column":3}},"type":"if","locations":[{"start":{"line":82,"column":9},"end":{"line":106,"column":3}},{"start":{"line":86,"column":9},"end":{"line":106,"column":3}}],"line":82},"26":{"loc":{"start":{"line":82,"column":13},"end":{"line":82,"column":67}},"type":"binary-expr","locations":[{"start":{"line":82,"column":13},"end":{"line":82,"column":29}},{"start":{"line":82,"column":33},"end":{"line":82,"column":67}}],"line":82},"27":{"loc":{"start":{"line":86,"column":9},"end":{"line":106,"column":3}},"type":"if","locations":[{"start":{"line":86,"column":9},"end":{"line":106,"column":3}},{"start":{"line":92,"column":9},"end":{"line":106,"column":3}}],"line":86},"28":{"loc":{"start":{"line":86,"column":13},"end":{"line":86,"column":78}},"type":"binary-expr","locations":[{"start":{"line":86,"column":13},"end":{"line":86,"column":21}},{"start":{"line":86,"column":25},"end":{"line":86,"column":41}},{"start":{"line":86,"column":45},"end":{"line":86,"column":78}}],"line":86},"29":{"loc":{"start":{"line":90,"column":21},"end":{"line":90,"column":92}},"type":"cond-expr","locations":[{"start":{"line":90,"column":37},"end":{"line":90,"column":88}},{"start":{"line":90,"column":91},"end":{"line":90,"column":92}}],"line":90},"30":{"loc":{"start":{"line":92,"column":9},"end":{"line":106,"column":3}},"type":"if","locations":[{"start":{"line":92,"column":9},"end":{"line":106,"column":3}},{"start":{"line":99,"column":9},"end":{"line":106,"column":3}}],"line":92},"31":{"loc":{"start":{"line":92,"column":13},"end":{"line":92,"column":70}},"type":"binary-expr","locations":[{"start":{"line":92,"column":13},"end":{"line":92,"column":19}},{"start":{"line":92,"column":23},"end":{"line":92,"column":36}},{"start":{"line":92,"column":40},"end":{"line":92,"column":70}}],"line":92},"32":{"loc":{"start":{"line":96,"column":18},"end":{"line":96,"column":64}},"type":"cond-expr","locations":[{"start":{"line":96,"column":33},"end":{"line":96,"column":60}},{"start":{"line":96,"column":63},"end":{"line":96,"column":64}}],"line":96},"33":{"loc":{"start":{"line":99,"column":9},"end":{"line":106,"column":3}},"type":"if","locations":[{"start":{"line":99,"column":9},"end":{"line":106,"column":3}},{"start":{},"end":{}}],"line":99},"34":{"loc":{"start":{"line":99,"column":13},"end":{"line":99,"column":70}},"type":"binary-expr","locations":[{"start":{"line":99,"column":13},"end":{"line":99,"column":19}},{"start":{"line":99,"column":23},"end":{"line":99,"column":36}},{"start":{"line":99,"column":40},"end":{"line":99,"column":70}}],"line":99},"35":{"loc":{"start":{"line":103,"column":30},"end":{"line":103,"column":91}},"type":"cond-expr","locations":[{"start":{"line":103,"column":45},"end":{"line":103,"column":87}},{"start":{"line":103,"column":90},"end":{"line":103,"column":91}}],"line":103}},"s":{"0":2,"1":2,"2":11,"3":1,"4":10,"5":10,"6":10,"7":10,"8":1,"9":9,"10":9,"11":9,"12":9,"13":9,"14":9,"15":9,"16":9,"17":9,"18":9,"19":9,"20":9,"21":1,"22":1,"23":1,"24":8,"25":4,"26":4,"27":3,"28":3,"29":3,"30":1,"31":4,"32":4,"33":2,"34":4,"35":2,"36":4,"37":1,"38":1,"39":1,"40":1,"41":1,"42":1,"43":3,"44":1,"45":1,"46":1,"47":2,"48":0,"49":0,"50":0,"51":0,"52":0,"53":2,"54":1,"55":1,"56":1,"57":1,"58":1,"59":1,"60":1,"61":1,"62":1,"63":1,"64":1,"65":1,"66":1,"67":9,"68":2},"f":{"0":11},"b":{"0":[2,2],"1":[0],"2":[1,10],"3":[11,10],"4":[10,0],"5":[1,9],"6":[10,9],"7":[9,1],"8":[9,0],"9":[4,5],"10":[4,5],"11":[4,5],"12":[9,4,4],"13":[9,4,4],"14":[4,3],"15":[1,8],"16":[9,8],"17":[4,4],"18":[3,1],"19":[2,1],"20":[2,2],"21":[2,2],"22":[1,3],"23":[4,2,2],"24":[1,0],"25":[1,2],"26":[3,3],"27":[0,2],"28":[2,0,0],"29":[0,0],"30":[1,1],"31":[2,2,2],"32":[1,0],"33":[1,0],"34":[1,1,1],"35":[1,0]},"_coverageSchema":"1a1c01bbd47fc00a2c39e90264f33305004495a9","hash":"6d4e63529662a52c9ad706f51a63202435f9b872"}
}
