TN:
SF:src\engines\entry.engine.js
FN:9,(anonymous_0)
FN:16,(anonymous_1)
FNF:2
FNH:2
FNDA:3,(anonymous_0)
FNDA:8,(anonymous_1)
DA:1,2
DA:2,2
DA:3,2
DA:7,2
DA:9,2
DA:10,3
DA:11,2
DA:12,2
DA:13,1
DA:16,2
DA:17,8
DA:18,1
DA:21,7
DA:22,7
DA:23,7
DA:24,7
DA:25,7
DA:27,7
DA:28,7
DA:29,7
DA:30,7
DA:34,7
DA:35,7
DA:36,7
DA:38,7
DA:39,1
DA:53,6
DA:54,6
DA:61,6
DA:62,2
DA:74,4
DA:77,4
DA:79,4
DA:80,2
DA:81,2
DA:84,4
DA:85,1
DA:86,1
DA:89,4
DA:90,2
DA:91,2
DA:94,4
DA:95,1
DA:96,1
DA:99,4
DA:100,4
DA:106,4
DA:107,4
DA:110,4
DA:111,4
DA:113,4
DA:115,4
DA:116,4
DA:117,2
DA:119,4
DA:120,1
DA:123,3
DA:136,2
LF:58
LH:58
BRDA:10,0,0,1
BRDA:10,0,1,2
BRDA:11,1,0,0
BRDA:11,1,1,2
BRDA:12,2,0,1
BRDA:12,2,1,1
BRDA:16,3,0,0
BRDA:17,4,0,1
BRDA:17,4,1,7
BRDA:17,5,0,8
BRDA:17,5,1,7
BRDA:22,6,0,7
BRDA:22,6,1,0
BRDA:23,7,0,7
BRDA:23,7,1,0
BRDA:24,8,0,7
BRDA:24,8,1,0
BRDA:25,9,0,7
BRDA:25,9,1,0
BRDA:27,10,0,7
BRDA:27,10,1,0
BRDA:30,11,0,0
BRDA:30,11,1,7
BRDA:38,12,0,1
BRDA:38,12,1,6
BRDA:38,13,0,7
BRDA:38,13,1,7
BRDA:49,14,0,0
BRDA:49,14,1,1
BRDA:53,15,0,6
BRDA:53,15,1,0
BRDA:61,16,0,2
BRDA:61,16,1,4
BRDA:74,17,0,4
BRDA:74,17,1,0
BRDA:79,18,0,2
BRDA:79,18,1,2
BRDA:79,19,0,4
BRDA:79,19,1,4
BRDA:84,20,0,1
BRDA:84,20,1,3
BRDA:89,21,0,2
BRDA:89,21,1,2
BRDA:94,22,0,1
BRDA:94,22,1,3
BRDA:99,23,0,4
BRDA:99,23,1,0
BRDA:107,24,0,0
BRDA:107,24,1,4
BRDA:110,25,0,1
BRDA:110,25,1,3
BRDA:111,26,0,1
BRDA:111,26,1,3
BRDA:116,27,0,2
BRDA:116,27,1,2
BRDA:117,28,0,0
BRDA:117,28,1,2
BRDA:119,29,0,1
BRDA:119,29,1,3
BRDA:119,30,0,4
BRDA:119,30,1,2
BRF:61
BRH:47
end_of_record
TN:
SF:src\engines\exit.engine.js
FN:1,(anonymous_0)
FNF:1
FNH:1
FNDA:13,(anonymous_0)
DA:1,5
DA:2,13
DA:3,1
DA:6,12
DA:7,12
DA:8,12
DA:10,12
DA:11,1
DA:14,11
DA:15,11
DA:16,11
DA:17,11
DA:19,11
DA:20,11
DA:21,11
DA:23,11
DA:24,4
DA:25,4
DA:26,4
DA:27,7
DA:28,2
DA:29,2
DA:30,2
DA:31,5
DA:32,2
DA:33,2
DA:34,2
DA:35,3
DA:36,1
DA:37,1
DA:38,1
DA:39,1
DA:40,1
DA:41,2
DA:42,2
DA:43,2
DA:44,2
DA:45,0
DA:46,0
DA:47,0
DA:48,0
DA:51,11
DA:58,5
LF:43
LH:39
BRDA:1,0,0,0
BRDA:2,1,0,1
BRDA:2,1,1,12
BRDA:2,2,0,13
BRDA:2,2,1,12
BRDA:6,3,0,12
BRDA:6,3,1,0
BRDA:10,4,0,1
BRDA:10,4,1,11
BRDA:10,5,0,12
BRDA:10,5,1,11
BRDA:14,6,0,11
BRDA:14,6,1,0
BRDA:15,7,0,11
BRDA:15,7,1,0
BRDA:23,8,0,4
BRDA:23,8,1,7
BRDA:23,9,0,11
BRDA:23,9,1,11
BRDA:27,10,0,2
BRDA:27,10,1,5
BRDA:27,11,0,7
BRDA:27,11,1,5
BRDA:27,11,2,5
BRDA:31,12,0,2
BRDA:31,12,1,3
BRDA:31,13,0,5
BRDA:31,13,1,5
BRDA:35,14,0,1
BRDA:35,14,1,2
BRDA:35,15,0,3
BRDA:35,15,1,1
BRDA:35,15,2,1
BRDA:39,16,0,1
BRDA:39,16,1,0
BRDA:41,17,0,2
BRDA:41,17,1,0
BRDA:41,18,0,2
BRDA:41,18,1,2
BRDA:41,18,2,2
BRDA:45,19,0,0
BRDA:45,19,1,0
BRDA:45,20,0,0
BRDA:45,20,1,0
BRDA:45,20,2,0
BRF:45
BRH:34
end_of_record
TN:
SF:src\engines\reflection.engine.js
FN:7,(anonymous_0)
FNF:1
FNH:1
FNDA:8,(anonymous_0)
DA:5,4
DA:7,4
DA:8,8
DA:9,1
DA:12,7
DA:13,7
DA:14,7
DA:15,7
DA:17,7
DA:18,0
DA:21,7
DA:33,7
DA:34,7
DA:35,7
DA:36,7
DA:37,7
DA:38,7
DA:40,7
DA:41,1
DA:42,1
DA:43,1
DA:44,6
DA:45,2
DA:46,2
DA:47,2
DA:48,4
DA:49,2
DA:50,2
DA:51,2
DA:52,2
DA:53,2
DA:54,2
DA:55,1
DA:56,1
DA:57,1
DA:58,1
DA:59,1
DA:60,1
DA:61,1
DA:62,1
DA:63,1
DA:64,1
DA:65,0
DA:66,0
DA:67,0
DA:68,0
DA:69,0
DA:70,0
DA:73,7
LF:49
LH:42
BRDA:8,0,0,1
BRDA:8,0,1,7
BRDA:8,1,0,8
BRDA:8,1,1,7
BRDA:12,2,0,7
BRDA:12,2,1,0
BRDA:13,3,0,7
BRDA:13,3,1,0
BRDA:14,4,0,7
BRDA:14,4,1,0
BRDA:15,5,0,7
BRDA:15,5,1,0
BRDA:17,6,0,0
BRDA:17,6,1,7
BRDA:17,7,0,7
BRDA:17,7,1,7
BRDA:30,8,0,7
BRDA:30,8,1,7
BRDA:40,9,0,1
BRDA:40,9,1,6
BRDA:44,10,0,2
BRDA:44,10,1,4
BRDA:48,11,0,2
BRDA:48,11,1,2
BRDA:54,12,0,1
BRDA:54,12,1,1
BRDA:59,13,0,1
BRDA:59,13,1,0
BRDA:65,14,0,0
BRDA:65,14,1,0
BRF:30
BRH:22
end_of_record
TN:
SF:src\middlewares\auth.middleware.js
FN:5,(anonymous_0)
FNF:1
FNH:1
FNDA:5,(anonymous_0)
DA:1,1
DA:2,1
DA:3,1
DA:5,1
DA:8,5
DA:9,4
DA:10,4
DA:11,4
DA:12,3
DA:13,1
DA:16,2
DA:17,2
DA:18,1
DA:21,1
DA:23,1
DA:27,1
DA:28,1
DA:32,1
LF:18
LH:18
BRDA:8,0,0,4
BRDA:8,0,1,1
BRDA:8,1,0,5
BRDA:8,1,1,4
BRDA:12,2,0,1
BRDA:12,2,1,2
BRDA:17,3,0,1
BRDA:17,3,1,1
BRDA:27,4,0,1
BRDA:27,4,1,0
BRF:10
BRH:9
end_of_record
TN:
SF:src\middlewares\validateTradePayload.js
FN:42,(anonymous_0)
FN:52,(anonymous_1)
FN:61,(anonymous_2)
FNF:3
FNH:3
FNDA:3,(anonymous_0)
FNDA:5,(anonymous_1)
FNDA:3,(anonymous_2)
DA:1,1
DA:3,1
DA:23,1
DA:37,1
DA:42,1
DA:43,3
DA:52,1
DA:53,5
DA:55,5
DA:56,5
DA:57,3
DA:61,3
DA:68,2
DA:69,2
DA:70,1
DA:71,0
DA:78,1
DA:79,0
DA:88,2
DA:89,0
DA:92,2
DA:93,0
DA:97,2
DA:98,2
DA:101,1
LF:25
LH:21
BRDA:53,0,0,5
BRDA:53,0,1,0
BRDA:56,1,0,3
BRDA:56,1,1,2
BRDA:69,2,0,1
BRDA:69,2,1,1
BRDA:70,3,0,0
BRDA:70,3,1,1
BRDA:78,4,0,0
BRDA:78,4,1,1
BRDA:88,5,0,0
BRDA:88,5,1,2
BRDA:88,6,0,2
BRDA:88,6,1,1
BRDA:92,7,0,0
BRDA:92,7,1,2
BRDA:92,8,0,2
BRDA:92,8,1,1
BRF:18
BRH:13
end_of_record
TN:
SF:src\services\behavior.engine.js
FN:11,(anonymous_0)
FN:24,(anonymous_1)
FN:25,(anonymous_2)
FN:76,(anonymous_3)
FN:90,(anonymous_4)
FN:91,(anonymous_5)
FN:92,(anonymous_6)
FN:93,(anonymous_7)
FN:106,(anonymous_8)
FN:121,(anonymous_9)
FN:128,(anonymous_10)
FNF:11
FNH:11
FNDA:4,(anonymous_0)
FNDA:14,(anonymous_1)
FNDA:10,(anonymous_2)
FNDA:14,(anonymous_3)
FNDA:14,(anonymous_4)
FNDA:14,(anonymous_5)
FNDA:7,(anonymous_6)
FNDA:7,(anonymous_7)
FNDA:14,(anonymous_8)
FNDA:5,(anonymous_9)
FNDA:1,(anonymous_10)
DA:5,5
DA:9,5
DA:11,5
DA:12,4
DA:13,4
DA:14,0
DA:24,14
DA:25,10
DA:27,4
DA:28,0
DA:37,4
DA:41,4
DA:42,4
DA:43,10
DA:44,10
DA:45,10
DA:46,4
DA:47,4
DA:48,4
DA:52,4
DA:53,2
DA:62,4
DA:63,4
DA:64,4
DA:65,4
DA:66,4
DA:67,1
DA:76,4
DA:77,14
DA:80,4
DA:81,0
DA:90,14
DA:91,14
DA:92,7
DA:93,7
DA:94,4
DA:95,0
DA:104,4
DA:105,4
DA:106,4
DA:107,14
DA:108,2
DA:109,2
DA:110,2
DA:113,14
DA:115,4
DA:116,2
DA:121,5
DA:122,4
DA:124,4
DA:128,1
DA:133,5
LF:52
LH:48
BRDA:13,0,0,0
BRDA:13,0,1,4
BRDA:13,1,0,4
BRDA:13,1,1,4
BRDA:13,1,2,4
BRDA:24,2,0,14
BRDA:24,2,1,14
BRDA:24,2,2,14
BRDA:27,3,0,0
BRDA:27,3,1,4
BRDA:45,4,0,4
BRDA:45,4,1,6
BRDA:47,5,0,4
BRDA:47,5,1,0
BRDA:47,6,0,4
BRDA:47,6,1,4
BRDA:52,7,0,2
BRDA:52,7,1,2
BRDA:66,8,0,1
BRDA:66,8,1,3
BRDA:77,9,0,14
BRDA:77,9,1,14
BRDA:80,10,0,0
BRDA:80,10,1,4
BRDA:92,11,0,4
BRDA:92,11,1,0
BRDA:93,12,0,4
BRDA:93,12,1,0
BRDA:94,13,0,0
BRDA:94,13,1,4
BRDA:94,14,0,4
BRDA:94,14,1,0
BRDA:107,15,0,2
BRDA:107,15,1,12
BRDA:109,16,0,2
BRDA:109,16,1,0
BRDA:115,17,0,2
BRDA:115,17,1,2
BRDA:128,18,0,4
BRDA:128,18,1,0
BRF:40
BRH:30
end_of_record
TN:
SF:src\services\mistakeAnalysis.service.js
FN:4,(anonymous_0)
FNF:1
FNH:1
FNDA:8,(anonymous_0)
DA:1,4
DA:2,4
DA:4,4
DA:14,8
DA:15,8
DA:16,8
DA:18,8
DA:19,8
DA:20,2
DA:21,2
DA:22,6
DA:23,2
DA:24,2
DA:25,4
DA:26,1
DA:27,1
DA:30,8
DA:31,2
DA:32,2
DA:35,8
DA:36,6
DA:37,6
DA:38,6
DA:39,1
DA:40,1
DA:41,5
DA:42,0
DA:43,0
DA:48,8
DA:49,2
DA:50,2
DA:51,6
DA:52,0
DA:53,0
DA:56,8
DA:57,1
DA:58,1
DA:59,1
DA:60,1
DA:64,8
DA:66,8
DA:72,4
LF:42
LH:38
BRDA:19,0,0,2
BRDA:19,0,1,6
BRDA:22,1,0,2
BRDA:22,1,1,4
BRDA:25,2,0,1
BRDA:25,2,1,3
BRDA:30,3,0,2
BRDA:30,3,1,6
BRDA:35,4,0,6
BRDA:35,4,1,2
BRDA:35,5,0,8
BRDA:35,5,1,6
BRDA:35,5,2,6
BRDA:37,6,0,6
BRDA:37,6,1,0
BRDA:38,7,0,1
BRDA:38,7,1,5
BRDA:41,8,0,0
BRDA:41,8,1,5
BRDA:48,9,0,2
BRDA:48,9,1,6
BRDA:51,10,0,0
BRDA:51,10,1,6
BRDA:56,11,0,1
BRDA:56,11,1,7
BRDA:56,12,0,8
BRDA:56,12,1,1
BRDA:58,13,0,1
BRDA:58,13,1,0
BRDA:64,14,0,1
BRDA:64,14,1,7
BRF:31
BRH:27
end_of_record
TN:
SF:src\services\risk.engine.js
FN:7,(anonymous_0)
FN:13,(anonymous_1)
FN:21,(anonymous_2)
FN:33,(anonymous_3)
FN:83,(anonymous_4)
FN:91,(anonymous_5)
FNF:6
FNH:6
FNDA:183,(anonymous_0)
FNDA:54,(anonymous_1)
FNDA:22,(anonymous_2)
FNDA:21,(anonymous_3)
FNDA:6,(anonymous_4)
FNDA:2,(anonymous_5)
DA:1,7
DA:3,7
DA:4,7
DA:5,7
DA:7,7
DA:8,183
DA:9,180
DA:10,180
DA:13,7
DA:14,54
DA:15,54
DA:16,0
DA:18,54
DA:21,7
DA:22,22
DA:23,22
DA:24,22
DA:26,22
DA:27,22
DA:28,22
DA:29,22
DA:30,22
DA:33,7
DA:40,21
DA:42,21
DA:43,21
DA:44,21
DA:46,21
DA:47,1
DA:50,20
DA:51,0
DA:54,20
DA:55,2
DA:58,18
DA:59,18
DA:60,18
DA:62,18
DA:63,15
DA:64,15
DA:67,18
DA:68,3
DA:69,2
DA:72,15
DA:76,15
DA:77,4
DA:80,11
DA:83,7
DA:84,6
DA:85,6
DA:86,0
DA:88,6
DA:91,7
DA:92,2
DA:93,1
DA:96,7
LF:55
LH:52
BRDA:8,0,0,3
BRDA:8,0,1,180
BRDA:8,1,0,183
BRDA:8,1,1,183
BRDA:8,1,2,180
BRDA:10,2,0,180
BRDA:10,2,1,0
BRDA:15,3,0,0
BRDA:15,3,1,54
BRDA:26,4,0,0
BRDA:26,4,1,22
BRDA:26,5,0,22
BRDA:26,5,1,22
BRDA:26,5,2,22
BRDA:29,6,0,0
BRDA:29,6,1,22
BRDA:29,7,0,22
BRDA:29,7,1,22
BRDA:33,8,0,0
BRDA:38,9,0,15
BRDA:39,10,0,0
BRDA:46,11,0,1
BRDA:46,11,1,20
BRDA:46,12,0,21
BRDA:46,12,1,4
BRDA:50,13,0,0
BRDA:50,13,1,20
BRDA:54,14,0,2
BRDA:54,14,1,18
BRDA:54,15,0,20
BRDA:54,15,1,18
BRDA:62,16,0,15
BRDA:62,16,1,3
BRDA:63,17,0,0
BRDA:63,17,1,15
BRDA:64,18,0,0
BRDA:64,18,1,15
BRDA:67,19,0,3
BRDA:67,19,1,15
BRDA:68,20,0,1
BRDA:68,20,1,2
BRDA:69,21,0,2
BRDA:69,21,1,0
BRDA:72,22,0,15
BRDA:72,22,1,0
BRDA:76,23,0,4
BRDA:76,23,1,11
BRDA:76,24,0,15
BRDA:76,24,1,15
BRDA:76,24,2,15
BRDA:83,25,0,0
BRDA:85,26,0,0
BRDA:85,26,1,6
BRDA:85,27,0,6
BRDA:85,27,1,6
BRDA:88,28,0,2
BRDA:88,28,1,4
BRDA:92,29,0,1
BRDA:92,29,1,1
BRDA:92,30,0,2
BRDA:92,30,1,1
BRF:61
BRH:48
end_of_record
