TN:
SF:src/engines/entry.engine.js
FN:10,(anonymous_0)
FN:17,(anonymous_1)
FN:19,(anonymous_2)
FN:24,(anonymous_3)
FN:93,(anonymous_4)
FNF:5
FNH:5
FNDA:3,(anonymous_0)
FNDA:58,(anonymous_1)
FNDA:23,(anonymous_2)
FNDA:24,(anonymous_3)
FNDA:39,(anonymous_4)
DA:1,6
DA:2,6
DA:3,6
DA:7,6
DA:8,6
DA:10,6
DA:11,3
DA:12,2
DA:13,2
DA:14,1
DA:17,58
DA:19,6
DA:20,23
DA:21,23
DA:24,6
DA:25,24
DA:26,1
DA:29,23
DA:30,23
DA:31,23
DA:32,23
DA:33,23
DA:34,23
DA:35,23
DA:37,23
DA:38,23
DA:39,23
DA:40,23
DA:44,23
DA:45,23
DA:46,23
DA:48,23
DA:49,1
DA:63,22
DA:64,19
DA:71,19
DA:72,2
DA:84,17
DA:87,20
DA:89,20
DA:93,39
DA:99,20
DA:100,13
DA:101,13
DA:102,13
DA:104,7
DA:105,4
DA:111,4
DA:112,4
DA:114,3
DA:117,7
DA:118,1
DA:119,1
DA:120,6
DA:121,3
DA:122,3
DA:124,3
DA:126,7
DA:127,1
DA:128,1
DA:131,7
DA:132,7
DA:133,2
DA:134,5
DA:135,1
DA:138,7
DA:139,3
DA:140,3
DA:142,7
DA:143,1
DA:144,1
DA:148,7
DA:149,1
DA:150,1
DA:152,7
DA:153,1
DA:154,1
DA:156,7
DA:158,1
DA:159,1
DA:160,1
DA:164,7
DA:165,1
DA:166,1
DA:172,1
DA:173,3
DA:174,1
DA:175,1
DA:177,1
DA:178,1
DA:179,1
DA:180,1
DA:184,7
DA:185,3
DA:189,20
DA:190,20
DA:192,4
DA:196,4
DA:197,4
DA:219,16
DA:223,16
DA:224,16
DA:225,16
DA:227,16
DA:228,16
DA:229,15
DA:231,16
DA:236,1
DA:237,1
DA:240,16
DA:241,1
DA:244,15
DA:265,6
LF:113
LH:113
BRDA:11,0,0,1
BRDA:11,0,1,2
BRDA:12,1,0,0
BRDA:12,1,1,2
BRDA:13,2,0,1
BRDA:13,2,1,1
BRDA:20,3,0,15
BRDA:20,3,1,8
BRDA:21,4,0,2
BRDA:21,4,1,21
BRDA:24,5,0,0
BRDA:25,6,0,1
BRDA:25,6,1,23
BRDA:25,7,0,24
BRDA:25,7,1,23
BRDA:30,8,0,23
BRDA:30,8,1,0
BRDA:31,9,0,23
BRDA:31,9,1,0
BRDA:32,10,0,23
BRDA:32,10,1,0
BRDA:33,11,0,23
BRDA:33,11,1,0
BRDA:34,12,0,23
BRDA:34,12,1,0
BRDA:37,13,0,23
BRDA:37,13,1,0
BRDA:40,14,0,6
BRDA:40,14,1,17
BRDA:48,15,0,1
BRDA:48,15,1,22
BRDA:63,16,0,19
BRDA:63,16,1,3
BRDA:71,17,0,2
BRDA:71,17,1,17
BRDA:84,18,0,17
BRDA:84,18,1,0
BRDA:89,19,0,20
BRDA:89,19,1,13
BRDA:89,19,2,13
BRDA:89,19,3,13
BRDA:89,19,4,13
BRDA:99,20,0,13
BRDA:99,20,1,7
BRDA:104,21,0,4
BRDA:104,21,1,3
BRDA:112,22,0,0
BRDA:112,22,1,4
BRDA:117,23,0,1
BRDA:117,23,1,6
BRDA:118,24,0,1
BRDA:118,24,1,0
BRDA:120,25,0,3
BRDA:120,25,1,3
BRDA:121,26,0,3
BRDA:121,26,1,0
BRDA:124,27,0,3
BRDA:124,27,1,0
BRDA:126,28,0,1
BRDA:126,28,1,6
BRDA:127,29,0,1
BRDA:127,29,1,0
BRDA:132,30,0,2
BRDA:132,30,1,5
BRDA:132,31,0,7
BRDA:132,31,1,2
BRDA:134,32,0,1
BRDA:134,32,1,4
BRDA:138,33,0,3
BRDA:138,33,1,4
BRDA:142,34,0,1
BRDA:142,34,1,6
BRDA:148,35,0,1
BRDA:148,35,1,6
BRDA:152,36,0,1
BRDA:152,36,1,6
BRDA:156,37,0,1
BRDA:156,37,1,6
BRDA:164,38,0,1
BRDA:164,38,1,6
BRDA:164,39,0,7
BRDA:164,39,1,1
BRDA:177,40,0,1
BRDA:177,40,1,1
BRDA:178,41,0,1
BRDA:178,41,1,0
BRDA:178,42,0,1
BRDA:178,42,1,1
BRDA:184,43,0,3
BRDA:184,43,1,4
BRDA:184,44,0,7
BRDA:184,44,1,3
BRDA:185,45,0,3
BRDA:185,45,1,0
BRDA:189,46,0,20
BRDA:189,46,1,0
BRDA:190,47,0,4
BRDA:190,47,1,16
BRDA:192,48,0,1
BRDA:192,48,1,3
BRDA:193,49,0,1
BRDA:193,49,1,0
BRDA:194,50,0,3
BRDA:194,50,1,0
BRDA:219,51,0,1
BRDA:219,51,1,15
BRDA:220,52,0,1
BRDA:220,52,1,0
BRDA:221,53,0,15
BRDA:221,53,1,0
BRDA:228,54,0,1
BRDA:228,54,1,15
BRDA:229,55,0,0
BRDA:229,55,1,15
BRDA:231,56,0,1
BRDA:231,56,1,15
BRDA:232,57,0,16
BRDA:232,57,1,4
BRDA:232,57,2,1
BRDA:237,58,0,0
BRDA:237,58,1,1
BRDA:240,59,0,1
BRDA:240,59,1,15
BRDA:240,60,0,16
BRDA:240,60,1,15
BRF:125
BRH:102
end_of_record
TN:
SF:src/engines/exit.engine.js
FN:19,(anonymous_0)
FNF:1
FNH:1
FNDA:11,(anonymous_0)
DA:1,2
DA:19,2
DA:20,11
DA:21,1
DA:24,10
DA:25,10
DA:26,10
DA:28,10
DA:29,1
DA:32,9
DA:33,9
DA:34,9
DA:35,9
DA:41,9
DA:42,9
DA:44,9
DA:46,9
DA:51,9
DA:52,9
DA:53,9
DA:55,9
DA:56,1
DA:57,1
DA:58,1
DA:59,8
DA:61,4
DA:65,4
DA:66,3
DA:67,3
DA:68,3
DA:70,1
DA:72,4
DA:73,4
DA:74,4
DA:75,4
DA:76,1
DA:77,1
DA:78,1
DA:79,1
DA:80,1
DA:81,1
DA:82,3
DA:83,1
DA:84,1
DA:85,1
DA:86,2
DA:87,0
DA:88,0
DA:89,0
DA:90,0
DA:91,0
DA:92,2
DA:93,1
DA:94,1
DA:95,1
DA:96,1
DA:97,1
DA:98,1
DA:99,1
DA:100,1
DA:101,1
DA:102,1
DA:103,1
DA:104,1
DA:105,1
DA:108,9
DA:117,2
LF:67
LH:62
BRDA:1,0,0,2
BRDA:1,0,1,2
BRDA:19,1,0,0
BRDA:20,2,0,1
BRDA:20,2,1,10
BRDA:20,3,0,11
BRDA:20,3,1,10
BRDA:24,4,0,10
BRDA:24,4,1,0
BRDA:28,5,0,1
BRDA:28,5,1,9
BRDA:28,6,0,10
BRDA:28,6,1,9
BRDA:32,7,0,9
BRDA:32,7,1,1
BRDA:33,8,0,9
BRDA:33,8,1,0
BRDA:41,9,0,4
BRDA:41,9,1,5
BRDA:42,10,0,4
BRDA:42,10,1,5
BRDA:44,11,0,4
BRDA:44,11,1,5
BRDA:44,12,0,9
BRDA:44,12,1,4
BRDA:44,12,2,4
BRDA:46,13,0,9
BRDA:46,13,1,4
BRDA:46,13,2,4
BRDA:49,14,0,4
BRDA:49,14,1,3
BRDA:55,15,0,1
BRDA:55,15,1,8
BRDA:55,16,0,9
BRDA:55,16,1,8
BRDA:59,17,0,4
BRDA:59,17,1,4
BRDA:65,18,0,3
BRDA:65,18,1,1
BRDA:68,19,0,2
BRDA:68,19,1,1
BRDA:73,20,0,2
BRDA:73,20,1,2
BRDA:74,21,0,2
BRDA:74,21,1,2
BRDA:75,22,0,1
BRDA:75,22,1,3
BRDA:75,23,0,4
BRDA:75,23,1,2
BRDA:75,23,2,2
BRDA:79,24,0,1
BRDA:79,24,1,0
BRDA:82,25,0,1
BRDA:82,25,1,2
BRDA:82,26,0,3
BRDA:82,26,1,3
BRDA:86,27,0,0
BRDA:86,27,1,2
BRDA:86,28,0,2
BRDA:86,28,1,0
BRDA:86,28,2,0
BRDA:90,29,0,0
BRDA:90,29,1,0
BRDA:92,30,0,1
BRDA:92,30,1,1
BRDA:92,31,0,2
BRDA:92,31,1,2
BRDA:92,31,2,2
BRDA:96,32,0,1
BRDA:96,32,1,0
BRDA:99,33,0,1
BRDA:99,33,1,0
BRDA:99,34,0,1
BRDA:99,34,1,1
BRDA:99,34,2,1
BRDA:103,35,0,1
BRDA:103,35,1,0
BRF:77
BRH:65
end_of_record
